{"/Users/maggieschwierking/Desktop/project-spotify-penn/backend/s3Operations.js": {"path":"/Users/maggieschwierking/Desktop/project-spotify-penn/backend/s3Operations.js","statementMap":{"0":{"start":{"line":1,"column":12},"end":{"line":1,"column":30}},"1":{"start":{"line":4,"column":0},"end":{"line":4,"column":27}},"2":{"start":{"line":6,"column":11},"end":{"line":6,"column":24}},"3":{"start":{"line":9,"column":20},"end":{"line":9,"column":41}},"4":{"start":{"line":12,"column":11},"end":{"line":15,"column":2}},"5":{"start":{"line":18,"column":19},"end":{"line":31,"column":1}},"6":{"start":{"line":19,"column":2},"end":{"line":19,"column":30}},"7":{"start":{"line":20,"column":2},"end":{"line":20,"column":34}},"8":{"start":{"line":23,"column":17},"end":{"line":27,"column":3}},"9":{"start":{"line":28,"column":15},"end":{"line":28,"column":48}},"10":{"start":{"line":29,"column":2},"end":{"line":29,"column":62}},"11":{"start":{"line":30,"column":2},"end":{"line":30,"column":23}},"12":{"start":{"line":36,"column":21},"end":{"line":56,"column":1}},"13":{"start":{"line":38,"column":17},"end":{"line":41,"column":3}},"14":{"start":{"line":44,"column":2},"end":{"line":55,"column":5}},"15":{"start":{"line":45,"column":4},"end":{"line":47,"column":5}},"16":{"start":{"line":46,"column":6},"end":{"line":46,"column":16}},"17":{"start":{"line":48,"column":4},"end":{"line":48,"column":62}},"18":{"start":{"line":50,"column":20},"end":{"line":50,"column":55}},"19":{"start":{"line":51,"column":4},"end":{"line":51,"column":29}},"20":{"start":{"line":52,"column":4},"end":{"line":52,"column":18}},"21":{"start":{"line":54,"column":4},"end":{"line":54,"column":21}},"22":{"start":{"line":59,"column":19},"end":{"line":75,"column":1}},"23":{"start":{"line":61,"column":17},"end":{"line":64,"column":3}},"24":{"start":{"line":67,"column":2},"end":{"line":74,"column":5}},"25":{"start":{"line":68,"column":4},"end":{"line":71,"column":5}},"26":{"start":{"line":70,"column":6},"end":{"line":70,"column":19}},"27":{"start":{"line":72,"column":4},"end":{"line":72,"column":54}},"28":{"start":{"line":73,"column":4},"end":{"line":73,"column":16}},"29":{"start":{"line":77,"column":0},"end":{"line":77,"column":58}}},"fnMap":{"0":{"name":"(anonymous_0)","decl":{"start":{"line":18,"column":19},"end":{"line":18,"column":20}},"loc":{"start":{"line":18,"column":52},"end":{"line":31,"column":1}},"line":18},"1":{"name":"(anonymous_1)","decl":{"start":{"line":36,"column":21},"end":{"line":36,"column":22}},"loc":{"start":{"line":36,"column":35},"end":{"line":56,"column":1}},"line":36},"2":{"name":"(anonymous_2)","decl":{"start":{"line":44,"column":23},"end":{"line":44,"column":24}},"loc":{"start":{"line":44,"column":38},"end":{"line":55,"column":3}},"line":44},"3":{"name":"(anonymous_3)","decl":{"start":{"line":59,"column":19},"end":{"line":59,"column":20}},"loc":{"start":{"line":59,"column":33},"end":{"line":75,"column":1}},"line":59},"4":{"name":"(anonymous_4)","decl":{"start":{"line":67,"column":26},"end":{"line":67,"column":27}},"loc":{"start":{"line":67,"column":41},"end":{"line":74,"column":3}},"line":67}},"branchMap":{"0":{"loc":{"start":{"line":45,"column":4},"end":{"line":47,"column":5}},"type":"if","locations":[{"start":{"line":45,"column":4},"end":{"line":47,"column":5}},{"start":{},"end":{}}],"line":45},"1":{"loc":{"start":{"line":68,"column":4},"end":{"line":71,"column":5}},"type":"if","locations":[{"start":{"line":68,"column":4},"end":{"line":71,"column":5}},{"start":{},"end":{}}],"line":68}},"s":{"0":3,"1":3,"2":3,"3":3,"4":3,"5":3,"6":0,"7":0,"8":0,"9":0,"10":0,"11":0,"12":3,"13":0,"14":0,"15":0,"16":0,"17":0,"18":0,"19":0,"20":0,"21":0,"22":3,"23":0,"24":0,"25":0,"26":0,"27":0,"28":0,"29":3},"f":{"0":0,"1":0,"2":0,"3":0,"4":0},"b":{"0":[0,0],"1":[0,0]},"_coverageSchema":"1a1c01bbd47fc00a2c39e90264f33305004495a9","hash":"c85f2e5477cb26dcf4aa712b400291c241d0bdf6"}
,"/Users/maggieschwierking/Desktop/project-spotify-penn/backend/server.js": {"path":"/Users/maggieschwierking/Desktop/project-spotify-penn/backend/server.js","statementMap":{"0":{"start":{"line":3,"column":16},"end":{"line":3,"column":34}},"1":{"start":{"line":5,"column":11},"end":{"line":5,"column":24}},"2":{"start":{"line":7,"column":19},"end":{"line":7,"column":40}},"3":{"start":{"line":13,"column":13},"end":{"line":13,"column":28}},"4":{"start":{"line":14,"column":11},"end":{"line":14,"column":36}},"5":{"start":{"line":17,"column":15},"end":{"line":17,"column":24}},"6":{"start":{"line":20,"column":0},"end":{"line":20,"column":19}},"7":{"start":{"line":23,"column":0},"end":{"line":23,"column":27}},"8":{"start":{"line":26,"column":0},"end":{"line":26,"column":51}},"9":{"start":{"line":29,"column":15},"end":{"line":29,"column":38}},"10":{"start":{"line":30,"column":22},"end":{"line":30,"column":52}},"11":{"start":{"line":31,"column":20},"end":{"line":31,"column":48}},"12":{"start":{"line":32,"column":20},"end":{"line":32,"column":48}},"13":{"start":{"line":33,"column":16},"end":{"line":33,"column":40}},"14":{"start":{"line":34,"column":18},"end":{"line":34,"column":44}},"15":{"start":{"line":37,"column":0},"end":{"line":39,"column":3}},"16":{"start":{"line":38,"column":2},"end":{"line":38,"column":52}},"17":{"start":{"line":41,"column":0},"end":{"line":50,"column":3}},"18":{"start":{"line":42,"column":2},"end":{"line":49,"column":3}},"19":{"start":{"line":44,"column":18},"end":{"line":44,"column":42}},"20":{"start":{"line":45,"column":4},"end":{"line":45,"column":33}},"21":{"start":{"line":48,"column":4},"end":{"line":48,"column":61}},"22":{"start":{"line":52,"column":0},"end":{"line":60,"column":3}},"23":{"start":{"line":53,"column":2},"end":{"line":59,"column":3}},"24":{"start":{"line":54,"column":21},"end":{"line":54,"column":29}},"25":{"start":{"line":55,"column":19},"end":{"line":55,"column":50}},"26":{"start":{"line":56,"column":4},"end":{"line":56,"column":79}},"27":{"start":{"line":58,"column":4},"end":{"line":58,"column":71}},"28":{"start":{"line":62,"column":0},"end":{"line":85,"column":3}},"29":{"start":{"line":63,"column":2},"end":{"line":84,"column":3}},"30":{"start":{"line":64,"column":4},"end":{"line":64,"column":40}},"31":{"start":{"line":66,"column":18},"end":{"line":66,"column":67}},"32":{"start":{"line":67,"column":4},"end":{"line":70,"column":5}},"33":{"start":{"line":68,"column":6},"end":{"line":68,"column":56}},"34":{"start":{"line":69,"column":6},"end":{"line":69,"column":13}},"35":{"start":{"line":73,"column":4},"end":{"line":80,"column":5}},"36":{"start":{"line":74,"column":6},"end":{"line":74,"column":78}},"37":{"start":{"line":75,"column":28},"end":{"line":75,"column":90}},"38":{"start":{"line":75,"column":51},"end":{"line":75,"column":89}},"39":{"start":{"line":76,"column":6},"end":{"line":76,"column":42}},"40":{"start":{"line":78,"column":6},"end":{"line":78,"column":57}},"41":{"start":{"line":79,"column":6},"end":{"line":79,"column":34}},"42":{"start":{"line":82,"column":4},"end":{"line":82,"column":21}},"43":{"start":{"line":83,"column":4},"end":{"line":83,"column":76}},"44":{"start":{"line":87,"column":0},"end":{"line":103,"column":3}},"45":{"start":{"line":88,"column":2},"end":{"line":102,"column":3}},"46":{"start":{"line":89,"column":4},"end":{"line":89,"column":51}},"47":{"start":{"line":90,"column":4},"end":{"line":90,"column":50}},"48":{"start":{"line":91,"column":19},"end":{"line":91,"column":87}},"49":{"start":{"line":94,"column":4},"end":{"line":97,"column":5}},"50":{"start":{"line":95,"column":6},"end":{"line":95,"column":56}},"51":{"start":{"line":96,"column":6},"end":{"line":96,"column":13}},"52":{"start":{"line":98,"column":4},"end":{"line":98,"column":33}},"53":{"start":{"line":100,"column":4},"end":{"line":100,"column":21}},"54":{"start":{"line":101,"column":4},"end":{"line":101,"column":77}},"55":{"start":{"line":105,"column":0},"end":{"line":116,"column":3}},"56":{"start":{"line":106,"column":2},"end":{"line":115,"column":3}},"57":{"start":{"line":107,"column":20},"end":{"line":107,"column":56}},"58":{"start":{"line":108,"column":4},"end":{"line":111,"column":5}},"59":{"start":{"line":109,"column":6},"end":{"line":109,"column":62}},"60":{"start":{"line":110,"column":6},"end":{"line":110,"column":13}},"61":{"start":{"line":112,"column":4},"end":{"line":112,"column":34}},"62":{"start":{"line":114,"column":4},"end":{"line":114,"column":73}},"63":{"start":{"line":118,"column":0},"end":{"line":163,"column":3}},"64":{"start":{"line":119,"column":2},"end":{"line":119,"column":39}},"65":{"start":{"line":120,"column":2},"end":{"line":162,"column":3}},"66":{"start":{"line":121,"column":17},"end":{"line":121,"column":49}},"67":{"start":{"line":122,"column":4},"end":{"line":159,"column":7}},"68":{"start":{"line":123,"column":6},"end":{"line":123,"column":32}},"69":{"start":{"line":124,"column":6},"end":{"line":124,"column":37}},"70":{"start":{"line":126,"column":6},"end":{"line":129,"column":7}},"71":{"start":{"line":127,"column":8},"end":{"line":127,"column":42}},"72":{"start":{"line":128,"column":8},"end":{"line":128,"column":53}},"73":{"start":{"line":130,"column":24},"end":{"line":130,"column":39}},"74":{"start":{"line":132,"column":6},"end":{"line":132,"column":28}},"75":{"start":{"line":133,"column":6},"end":{"line":133,"column":25}},"76":{"start":{"line":136,"column":22},"end":{"line":136,"column":64}},"77":{"start":{"line":138,"column":6},"end":{"line":141,"column":9}},"78":{"start":{"line":140,"column":8},"end":{"line":140,"column":58}},"79":{"start":{"line":143,"column":6},"end":{"line":158,"column":9}},"80":{"start":{"line":145,"column":8},"end":{"line":145,"column":38}},"81":{"start":{"line":146,"column":22},"end":{"line":146,"column":80}},"82":{"start":{"line":147,"column":8},"end":{"line":147,"column":47}},"83":{"start":{"line":149,"column":29},"end":{"line":154,"column":9}},"84":{"start":{"line":156,"column":23},"end":{"line":156,"column":69}},"85":{"start":{"line":157,"column":8},"end":{"line":157,"column":55}},"86":{"start":{"line":161,"column":4},"end":{"line":161,"column":60}},"87":{"start":{"line":165,"column":0},"end":{"line":177,"column":3}},"88":{"start":{"line":166,"column":2},"end":{"line":166,"column":45}},"89":{"start":{"line":167,"column":2},"end":{"line":176,"column":3}},"90":{"start":{"line":168,"column":20},"end":{"line":168,"column":86}},"91":{"start":{"line":169,"column":4},"end":{"line":172,"column":5}},"92":{"start":{"line":170,"column":6},"end":{"line":170,"column":56}},"93":{"start":{"line":171,"column":6},"end":{"line":171,"column":13}},"94":{"start":{"line":173,"column":4},"end":{"line":173,"column":34}},"95":{"start":{"line":175,"column":4},"end":{"line":175,"column":60}},"96":{"start":{"line":179,"column":0},"end":{"line":202,"column":3}},"97":{"start":{"line":180,"column":2},"end":{"line":180,"column":46}},"98":{"start":{"line":183,"column":6},"end":{"line":183,"column":14}},"99":{"start":{"line":185,"column":2},"end":{"line":188,"column":3}},"100":{"start":{"line":186,"column":4},"end":{"line":186,"column":54}},"101":{"start":{"line":187,"column":4},"end":{"line":187,"column":11}},"102":{"start":{"line":190,"column":2},"end":{"line":201,"column":3}},"103":{"start":{"line":191,"column":20},"end":{"line":197,"column":5}},"104":{"start":{"line":198,"column":4},"end":{"line":198,"column":34}},"105":{"start":{"line":200,"column":4},"end":{"line":200,"column":59}},"106":{"start":{"line":204,"column":0},"end":{"line":220,"column":3}},"107":{"start":{"line":205,"column":2},"end":{"line":219,"column":3}},"108":{"start":{"line":206,"column":4},"end":{"line":206,"column":51}},"109":{"start":{"line":207,"column":20},"end":{"line":210,"column":5}},"110":{"start":{"line":211,"column":4},"end":{"line":214,"column":5}},"111":{"start":{"line":212,"column":6},"end":{"line":212,"column":60}},"112":{"start":{"line":213,"column":6},"end":{"line":213,"column":13}},"113":{"start":{"line":215,"column":4},"end":{"line":215,"column":34}},"114":{"start":{"line":217,"column":4},"end":{"line":217,"column":21}},"115":{"start":{"line":218,"column":4},"end":{"line":218,"column":54}},"116":{"start":{"line":222,"column":0},"end":{"line":236,"column":3}},"117":{"start":{"line":223,"column":2},"end":{"line":235,"column":3}},"118":{"start":{"line":224,"column":4},"end":{"line":224,"column":40}},"119":{"start":{"line":226,"column":20},"end":{"line":226,"column":77}},"120":{"start":{"line":227,"column":4},"end":{"line":230,"column":5}},"121":{"start":{"line":228,"column":6},"end":{"line":228,"column":60}},"122":{"start":{"line":229,"column":6},"end":{"line":229,"column":13}},"123":{"start":{"line":232,"column":4},"end":{"line":232,"column":34}},"124":{"start":{"line":234,"column":4},"end":{"line":234,"column":66}},"125":{"start":{"line":238,"column":0},"end":{"line":254,"column":3}},"126":{"start":{"line":241,"column":6},"end":{"line":241,"column":14}},"127":{"start":{"line":243,"column":2},"end":{"line":246,"column":3}},"128":{"start":{"line":244,"column":4},"end":{"line":244,"column":54}},"129":{"start":{"line":245,"column":4},"end":{"line":245,"column":11}},"130":{"start":{"line":248,"column":2},"end":{"line":253,"column":3}},"131":{"start":{"line":249,"column":20},"end":{"line":249,"column":67}},"132":{"start":{"line":250,"column":4},"end":{"line":250,"column":34}},"133":{"start":{"line":252,"column":4},"end":{"line":252,"column":59}},"134":{"start":{"line":256,"column":0},"end":{"line":269,"column":3}},"135":{"start":{"line":257,"column":2},"end":{"line":268,"column":3}},"136":{"start":{"line":258,"column":4},"end":{"line":258,"column":40}},"137":{"start":{"line":259,"column":20},"end":{"line":259,"column":98}},"138":{"start":{"line":260,"column":4},"end":{"line":263,"column":5}},"139":{"start":{"line":261,"column":6},"end":{"line":261,"column":60}},"140":{"start":{"line":262,"column":6},"end":{"line":262,"column":13}},"141":{"start":{"line":264,"column":4},"end":{"line":264,"column":34}},"142":{"start":{"line":266,"column":4},"end":{"line":266,"column":21}},"143":{"start":{"line":267,"column":4},"end":{"line":267,"column":54}},"144":{"start":{"line":271,"column":0},"end":{"line":285,"column":3}},"145":{"start":{"line":272,"column":2},"end":{"line":284,"column":3}},"146":{"start":{"line":274,"column":20},"end":{"line":274,"column":56}},"147":{"start":{"line":275,"column":4},"end":{"line":279,"column":5}},"148":{"start":{"line":276,"column":6},"end":{"line":276,"column":57}},"149":{"start":{"line":278,"column":6},"end":{"line":278,"column":36}},"150":{"start":{"line":281,"column":19},"end":{"line":281,"column":30}},"151":{"start":{"line":283,"column":4},"end":{"line":283,"column":46}},"152":{"start":{"line":287,"column":0},"end":{"line":300,"column":3}},"153":{"start":{"line":288,"column":2},"end":{"line":299,"column":3}},"154":{"start":{"line":289,"column":20},"end":{"line":289,"column":59}},"155":{"start":{"line":290,"column":4},"end":{"line":294,"column":5}},"156":{"start":{"line":291,"column":6},"end":{"line":291,"column":54}},"157":{"start":{"line":293,"column":6},"end":{"line":293,"column":36}},"158":{"start":{"line":296,"column":19},"end":{"line":296,"column":30}},"159":{"start":{"line":298,"column":4},"end":{"line":298,"column":46}},"160":{"start":{"line":302,"column":0},"end":{"line":317,"column":3}},"161":{"start":{"line":303,"column":2},"end":{"line":316,"column":3}},"162":{"start":{"line":304,"column":21},"end":{"line":304,"column":52}},"163":{"start":{"line":305,"column":21},"end":{"line":305,"column":29}},"164":{"start":{"line":306,"column":19},"end":{"line":306,"column":66}},"165":{"start":{"line":307,"column":4},"end":{"line":311,"column":5}},"166":{"start":{"line":308,"column":6},"end":{"line":308,"column":56}},"167":{"start":{"line":310,"column":6},"end":{"line":310,"column":35}},"168":{"start":{"line":313,"column":19},"end":{"line":313,"column":30}},"169":{"start":{"line":315,"column":4},"end":{"line":315,"column":46}},"170":{"start":{"line":319,"column":0},"end":{"line":334,"column":3}},"171":{"start":{"line":320,"column":2},"end":{"line":333,"column":3}},"172":{"start":{"line":322,"column":21},"end":{"line":322,"column":52}},"173":{"start":{"line":323,"column":20},"end":{"line":323,"column":54}},"174":{"start":{"line":324,"column":4},"end":{"line":328,"column":5}},"175":{"start":{"line":325,"column":6},"end":{"line":325,"column":56}},"176":{"start":{"line":327,"column":6},"end":{"line":327,"column":36}},"177":{"start":{"line":330,"column":19},"end":{"line":330,"column":30}},"178":{"start":{"line":332,"column":4},"end":{"line":332,"column":46}},"179":{"start":{"line":336,"column":0},"end":{"line":350,"column":3}},"180":{"start":{"line":337,"column":2},"end":{"line":349,"column":3}},"181":{"start":{"line":339,"column":20},"end":{"line":339,"column":45}},"182":{"start":{"line":340,"column":4},"end":{"line":344,"column":5}},"183":{"start":{"line":341,"column":6},"end":{"line":341,"column":56}},"184":{"start":{"line":343,"column":6},"end":{"line":343,"column":36}},"185":{"start":{"line":346,"column":19},"end":{"line":346,"column":30}},"186":{"start":{"line":348,"column":4},"end":{"line":348,"column":46}},"187":{"start":{"line":352,"column":0},"end":{"line":367,"column":3}},"188":{"start":{"line":353,"column":2},"end":{"line":366,"column":3}},"189":{"start":{"line":354,"column":21},"end":{"line":354,"column":29}},"190":{"start":{"line":355,"column":4},"end":{"line":355,"column":26}},"191":{"start":{"line":356,"column":19},"end":{"line":356,"column":57}},"192":{"start":{"line":357,"column":4},"end":{"line":361,"column":5}},"193":{"start":{"line":358,"column":6},"end":{"line":358,"column":56}},"194":{"start":{"line":360,"column":6},"end":{"line":360,"column":35}},"195":{"start":{"line":363,"column":19},"end":{"line":363,"column":30}},"196":{"start":{"line":365,"column":4},"end":{"line":365,"column":46}},"197":{"start":{"line":369,"column":0},"end":{"line":383,"column":3}},"198":{"start":{"line":370,"column":2},"end":{"line":382,"column":3}},"199":{"start":{"line":372,"column":20},"end":{"line":372,"column":56}},"200":{"start":{"line":373,"column":4},"end":{"line":377,"column":5}},"201":{"start":{"line":374,"column":6},"end":{"line":374,"column":59}},"202":{"start":{"line":376,"column":6},"end":{"line":376,"column":36}},"203":{"start":{"line":379,"column":19},"end":{"line":379,"column":30}},"204":{"start":{"line":381,"column":4},"end":{"line":381,"column":46}},"205":{"start":{"line":385,"column":0},"end":{"line":399,"column":3}},"206":{"start":{"line":386,"column":2},"end":{"line":398,"column":3}},"207":{"start":{"line":387,"column":22},"end":{"line":387,"column":30}},"208":{"start":{"line":388,"column":20},"end":{"line":388,"column":70}},"209":{"start":{"line":389,"column":4},"end":{"line":393,"column":5}},"210":{"start":{"line":390,"column":6},"end":{"line":390,"column":54}},"211":{"start":{"line":392,"column":6},"end":{"line":392,"column":36}},"212":{"start":{"line":395,"column":19},"end":{"line":395,"column":30}},"213":{"start":{"line":397,"column":4},"end":{"line":397,"column":46}},"214":{"start":{"line":401,"column":0},"end":{"line":415,"column":3}},"215":{"start":{"line":402,"column":2},"end":{"line":414,"column":3}},"216":{"start":{"line":403,"column":24},"end":{"line":403,"column":32}},"217":{"start":{"line":404,"column":20},"end":{"line":404,"column":73}},"218":{"start":{"line":405,"column":4},"end":{"line":409,"column":5}},"219":{"start":{"line":406,"column":6},"end":{"line":406,"column":55}},"220":{"start":{"line":408,"column":6},"end":{"line":408,"column":36}},"221":{"start":{"line":411,"column":19},"end":{"line":411,"column":30}},"222":{"start":{"line":413,"column":4},"end":{"line":413,"column":46}},"223":{"start":{"line":417,"column":0},"end":{"line":430,"column":3}},"224":{"start":{"line":418,"column":15},"end":{"line":418,"column":48}},"225":{"start":{"line":419,"column":19},"end":{"line":419,"column":67}},"226":{"start":{"line":420,"column":2},"end":{"line":429,"column":3}},"227":{"start":{"line":421,"column":20},"end":{"line":421,"column":64}},"228":{"start":{"line":422,"column":4},"end":{"line":426,"column":5}},"229":{"start":{"line":423,"column":6},"end":{"line":423,"column":54}},"230":{"start":{"line":425,"column":6},"end":{"line":425,"column":36}},"231":{"start":{"line":428,"column":4},"end":{"line":428,"column":54}},"232":{"start":{"line":432,"column":0},"end":{"line":444,"column":3}},"233":{"start":{"line":433,"column":2},"end":{"line":433,"column":29}},"234":{"start":{"line":434,"column":2},"end":{"line":443,"column":3}},"235":{"start":{"line":435,"column":20},"end":{"line":435,"column":61}},"236":{"start":{"line":436,"column":4},"end":{"line":439,"column":5}},"237":{"start":{"line":437,"column":6},"end":{"line":437,"column":59}},"238":{"start":{"line":438,"column":6},"end":{"line":438,"column":13}},"239":{"start":{"line":440,"column":4},"end":{"line":440,"column":34}},"240":{"start":{"line":442,"column":4},"end":{"line":442,"column":54}},"241":{"start":{"line":446,"column":0},"end":{"line":464,"column":3}},"242":{"start":{"line":447,"column":2},"end":{"line":447,"column":41}},"243":{"start":{"line":450,"column":6},"end":{"line":450,"column":14}},"244":{"start":{"line":451,"column":17},"end":{"line":451,"column":27}},"245":{"start":{"line":453,"column":2},"end":{"line":456,"column":3}},"246":{"start":{"line":454,"column":4},"end":{"line":454,"column":54}},"247":{"start":{"line":455,"column":4},"end":{"line":455,"column":11}},"248":{"start":{"line":458,"column":2},"end":{"line":463,"column":3}},"249":{"start":{"line":459,"column":20},"end":{"line":459,"column":75}},"250":{"start":{"line":460,"column":4},"end":{"line":460,"column":34}},"251":{"start":{"line":462,"column":4},"end":{"line":462,"column":59}},"252":{"start":{"line":466,"column":0},"end":{"line":477,"column":3}},"253":{"start":{"line":467,"column":2},"end":{"line":476,"column":3}},"254":{"start":{"line":468,"column":20},"end":{"line":468,"column":59}},"255":{"start":{"line":469,"column":4},"end":{"line":472,"column":5}},"256":{"start":{"line":470,"column":6},"end":{"line":470,"column":59}},"257":{"start":{"line":471,"column":6},"end":{"line":471,"column":13}},"258":{"start":{"line":473,"column":4},"end":{"line":473,"column":34}},"259":{"start":{"line":475,"column":4},"end":{"line":475,"column":54}},"260":{"start":{"line":492,"column":0},"end":{"line":505,"column":3}},"261":{"start":{"line":493,"column":15},"end":{"line":493,"column":48}},"262":{"start":{"line":494,"column":19},"end":{"line":494,"column":67}},"263":{"start":{"line":495,"column":2},"end":{"line":504,"column":3}},"264":{"start":{"line":496,"column":20},"end":{"line":496,"column":66}},"265":{"start":{"line":497,"column":4},"end":{"line":501,"column":5}},"266":{"start":{"line":498,"column":6},"end":{"line":498,"column":56}},"267":{"start":{"line":500,"column":6},"end":{"line":500,"column":36}},"268":{"start":{"line":503,"column":4},"end":{"line":503,"column":54}},"269":{"start":{"line":507,"column":0},"end":{"line":507,"column":24}}},"fnMap":{"0":{"name":"(anonymous_0)","decl":{"start":{"line":37,"column":16},"end":{"line":37,"column":17}},"loc":{"start":{"line":37,"column":31},"end":{"line":39,"column":1}},"line":37},"1":{"name":"(anonymous_1)","decl":{"start":{"line":41,"column":21},"end":{"line":41,"column":22}},"loc":{"start":{"line":41,"column":42},"end":{"line":50,"column":1}},"line":41},"2":{"name":"(anonymous_2)","decl":{"start":{"line":52,"column":22},"end":{"line":52,"column":23}},"loc":{"start":{"line":52,"column":42},"end":{"line":60,"column":1}},"line":52},"3":{"name":"(anonymous_3)","decl":{"start":{"line":62,"column":27},"end":{"line":62,"column":28}},"loc":{"start":{"line":62,"column":47},"end":{"line":85,"column":1}},"line":62},"4":{"name":"(anonymous_4)","decl":{"start":{"line":75,"column":41},"end":{"line":75,"column":42}},"loc":{"start":{"line":75,"column":51},"end":{"line":75,"column":89}},"line":75},"5":{"name":"(anonymous_5)","decl":{"start":{"line":87,"column":39},"end":{"line":87,"column":40}},"loc":{"start":{"line":87,"column":59},"end":{"line":103,"column":1}},"line":87},"6":{"name":"(anonymous_6)","decl":{"start":{"line":105,"column":27},"end":{"line":105,"column":28}},"loc":{"start":{"line":105,"column":47},"end":{"line":116,"column":1}},"line":105},"7":{"name":"(anonymous_7)","decl":{"start":{"line":118,"column":28},"end":{"line":118,"column":29}},"loc":{"start":{"line":118,"column":48},"end":{"line":163,"column":1}},"line":118},"8":{"name":"(anonymous_8)","decl":{"start":{"line":122,"column":20},"end":{"line":122,"column":21}},"loc":{"start":{"line":122,"column":44},"end":{"line":159,"column":5}},"line":122},"9":{"name":"(anonymous_9)","decl":{"start":{"line":138,"column":25},"end":{"line":138,"column":26}},"loc":{"start":{"line":138,"column":36},"end":{"line":141,"column":7}},"line":138},"10":{"name":"(anonymous_10)","decl":{"start":{"line":143,"column":24},"end":{"line":143,"column":25}},"loc":{"start":{"line":143,"column":36},"end":{"line":158,"column":7}},"line":143},"11":{"name":"(anonymous_11)","decl":{"start":{"line":165,"column":34},"end":{"line":165,"column":35}},"loc":{"start":{"line":165,"column":54},"end":{"line":177,"column":1}},"line":165},"12":{"name":"(anonymous_12)","decl":{"start":{"line":179,"column":35},"end":{"line":179,"column":36}},"loc":{"start":{"line":179,"column":55},"end":{"line":202,"column":1}},"line":179},"13":{"name":"(anonymous_13)","decl":{"start":{"line":204,"column":40},"end":{"line":204,"column":41}},"loc":{"start":{"line":204,"column":60},"end":{"line":220,"column":1}},"line":204},"14":{"name":"(anonymous_14)","decl":{"start":{"line":222,"column":25},"end":{"line":222,"column":26}},"loc":{"start":{"line":222,"column":45},"end":{"line":236,"column":1}},"line":222},"15":{"name":"(anonymous_15)","decl":{"start":{"line":238,"column":26},"end":{"line":238,"column":27}},"loc":{"start":{"line":238,"column":46},"end":{"line":254,"column":1}},"line":238},"16":{"name":"(anonymous_16)","decl":{"start":{"line":256,"column":35},"end":{"line":256,"column":36}},"loc":{"start":{"line":256,"column":55},"end":{"line":269,"column":1}},"line":256},"17":{"name":"(anonymous_17)","decl":{"start":{"line":271,"column":25},"end":{"line":271,"column":26}},"loc":{"start":{"line":271,"column":45},"end":{"line":285,"column":1}},"line":271},"18":{"name":"(anonymous_18)","decl":{"start":{"line":287,"column":25},"end":{"line":287,"column":26}},"loc":{"start":{"line":287,"column":45},"end":{"line":300,"column":1}},"line":287},"19":{"name":"(anonymous_19)","decl":{"start":{"line":302,"column":31},"end":{"line":302,"column":32}},"loc":{"start":{"line":302,"column":51},"end":{"line":317,"column":1}},"line":302},"20":{"name":"(anonymous_20)","decl":{"start":{"line":319,"column":31},"end":{"line":319,"column":32}},"loc":{"start":{"line":319,"column":51},"end":{"line":334,"column":1}},"line":319},"21":{"name":"(anonymous_21)","decl":{"start":{"line":336,"column":23},"end":{"line":336,"column":24}},"loc":{"start":{"line":336,"column":43},"end":{"line":350,"column":1}},"line":336},"22":{"name":"(anonymous_22)","decl":{"start":{"line":352,"column":24},"end":{"line":352,"column":25}},"loc":{"start":{"line":352,"column":44},"end":{"line":367,"column":1}},"line":352},"23":{"name":"(anonymous_23)","decl":{"start":{"line":369,"column":27},"end":{"line":369,"column":28}},"loc":{"start":{"line":369,"column":47},"end":{"line":383,"column":1}},"line":369},"24":{"name":"(anonymous_24)","decl":{"start":{"line":385,"column":25},"end":{"line":385,"column":26}},"loc":{"start":{"line":385,"column":45},"end":{"line":399,"column":1}},"line":385},"25":{"name":"(anonymous_25)","decl":{"start":{"line":401,"column":27},"end":{"line":401,"column":28}},"loc":{"start":{"line":401,"column":47},"end":{"line":415,"column":1}},"line":401},"26":{"name":"(anonymous_26)","decl":{"start":{"line":417,"column":21},"end":{"line":417,"column":22}},"loc":{"start":{"line":417,"column":41},"end":{"line":430,"column":1}},"line":417},"27":{"name":"(anonymous_27)","decl":{"start":{"line":432,"column":35},"end":{"line":432,"column":36}},"loc":{"start":{"line":432,"column":55},"end":{"line":444,"column":1}},"line":432},"28":{"name":"(anonymous_28)","decl":{"start":{"line":446,"column":36},"end":{"line":446,"column":37}},"loc":{"start":{"line":446,"column":56},"end":{"line":464,"column":1}},"line":446},"29":{"name":"(anonymous_29)","decl":{"start":{"line":466,"column":33},"end":{"line":466,"column":34}},"loc":{"start":{"line":466,"column":53},"end":{"line":477,"column":1}},"line":466},"30":{"name":"(anonymous_30)","decl":{"start":{"line":492,"column":23},"end":{"line":492,"column":24}},"loc":{"start":{"line":492,"column":43},"end":{"line":505,"column":1}},"line":492}},"branchMap":{"0":{"loc":{"start":{"line":67,"column":4},"end":{"line":70,"column":5}},"type":"if","locations":[{"start":{"line":67,"column":4},"end":{"line":70,"column":5}},{"start":{},"end":{}}],"line":67},"1":{"loc":{"start":{"line":73,"column":4},"end":{"line":80,"column":5}},"type":"if","locations":[{"start":{"line":73,"column":4},"end":{"line":80,"column":5}},{"start":{"line":77,"column":11},"end":{"line":80,"column":5}}],"line":73},"2":{"loc":{"start":{"line":94,"column":4},"end":{"line":97,"column":5}},"type":"if","locations":[{"start":{"line":94,"column":4},"end":{"line":97,"column":5}},{"start":{},"end":{}}],"line":94},"3":{"loc":{"start":{"line":108,"column":4},"end":{"line":111,"column":5}},"type":"if","locations":[{"start":{"line":108,"column":4},"end":{"line":111,"column":5}},{"start":{},"end":{}}],"line":108},"4":{"loc":{"start":{"line":126,"column":6},"end":{"line":129,"column":7}},"type":"if","locations":[{"start":{"line":126,"column":6},"end":{"line":129,"column":7}},{"start":{},"end":{}}],"line":126},"5":{"loc":{"start":{"line":169,"column":4},"end":{"line":172,"column":5}},"type":"if","locations":[{"start":{"line":169,"column":4},"end":{"line":172,"column":5}},{"start":{},"end":{}}],"line":169},"6":{"loc":{"start":{"line":185,"column":2},"end":{"line":188,"column":3}},"type":"if","locations":[{"start":{"line":185,"column":2},"end":{"line":188,"column":3}},{"start":{},"end":{}}],"line":185},"7":{"loc":{"start":{"line":185,"column":6},"end":{"line":185,"column":75}},"type":"binary-expr","locations":[{"start":{"line":185,"column":6},"end":{"line":185,"column":17}},{"start":{"line":185,"column":21},"end":{"line":185,"column":27}},{"start":{"line":185,"column":31},"end":{"line":185,"column":42}},{"start":{"line":185,"column":46},"end":{"line":185,"column":59}},{"start":{"line":185,"column":63},"end":{"line":185,"column":75}}],"line":185},"8":{"loc":{"start":{"line":211,"column":4},"end":{"line":214,"column":5}},"type":"if","locations":[{"start":{"line":211,"column":4},"end":{"line":214,"column":5}},{"start":{},"end":{}}],"line":211},"9":{"loc":{"start":{"line":227,"column":4},"end":{"line":230,"column":5}},"type":"if","locations":[{"start":{"line":227,"column":4},"end":{"line":230,"column":5}},{"start":{},"end":{}}],"line":227},"10":{"loc":{"start":{"line":243,"column":2},"end":{"line":246,"column":3}},"type":"if","locations":[{"start":{"line":243,"column":2},"end":{"line":246,"column":3}},{"start":{},"end":{}}],"line":243},"11":{"loc":{"start":{"line":243,"column":6},"end":{"line":243,"column":27}},"type":"binary-expr","locations":[{"start":{"line":243,"column":6},"end":{"line":243,"column":9}},{"start":{"line":243,"column":13},"end":{"line":243,"column":18}},{"start":{"line":243,"column":22},"end":{"line":243,"column":27}}],"line":243},"12":{"loc":{"start":{"line":260,"column":4},"end":{"line":263,"column":5}},"type":"if","locations":[{"start":{"line":260,"column":4},"end":{"line":263,"column":5}},{"start":{},"end":{}}],"line":260},"13":{"loc":{"start":{"line":275,"column":4},"end":{"line":279,"column":5}},"type":"if","locations":[{"start":{"line":275,"column":4},"end":{"line":279,"column":5}},{"start":{"line":277,"column":11},"end":{"line":279,"column":5}}],"line":275},"14":{"loc":{"start":{"line":290,"column":4},"end":{"line":294,"column":5}},"type":"if","locations":[{"start":{"line":290,"column":4},"end":{"line":294,"column":5}},{"start":{"line":292,"column":11},"end":{"line":294,"column":5}}],"line":290},"15":{"loc":{"start":{"line":307,"column":4},"end":{"line":311,"column":5}},"type":"if","locations":[{"start":{"line":307,"column":4},"end":{"line":311,"column":5}},{"start":{"line":309,"column":11},"end":{"line":311,"column":5}}],"line":307},"16":{"loc":{"start":{"line":324,"column":4},"end":{"line":328,"column":5}},"type":"if","locations":[{"start":{"line":324,"column":4},"end":{"line":328,"column":5}},{"start":{"line":326,"column":11},"end":{"line":328,"column":5}}],"line":324},"17":{"loc":{"start":{"line":340,"column":4},"end":{"line":344,"column":5}},"type":"if","locations":[{"start":{"line":340,"column":4},"end":{"line":344,"column":5}},{"start":{"line":342,"column":11},"end":{"line":344,"column":5}}],"line":340},"18":{"loc":{"start":{"line":357,"column":4},"end":{"line":361,"column":5}},"type":"if","locations":[{"start":{"line":357,"column":4},"end":{"line":361,"column":5}},{"start":{"line":359,"column":11},"end":{"line":361,"column":5}}],"line":357},"19":{"loc":{"start":{"line":373,"column":4},"end":{"line":377,"column":5}},"type":"if","locations":[{"start":{"line":373,"column":4},"end":{"line":377,"column":5}},{"start":{"line":375,"column":11},"end":{"line":377,"column":5}}],"line":373},"20":{"loc":{"start":{"line":389,"column":4},"end":{"line":393,"column":5}},"type":"if","locations":[{"start":{"line":389,"column":4},"end":{"line":393,"column":5}},{"start":{"line":391,"column":11},"end":{"line":393,"column":5}}],"line":389},"21":{"loc":{"start":{"line":405,"column":4},"end":{"line":409,"column":5}},"type":"if","locations":[{"start":{"line":405,"column":4},"end":{"line":409,"column":5}},{"start":{"line":407,"column":11},"end":{"line":409,"column":5}}],"line":405},"22":{"loc":{"start":{"line":418,"column":15},"end":{"line":418,"column":48}},"type":"binary-expr","locations":[{"start":{"line":418,"column":15},"end":{"line":418,"column":43}},{"start":{"line":418,"column":47},"end":{"line":418,"column":48}}],"line":418},"23":{"loc":{"start":{"line":419,"column":19},"end":{"line":419,"column":67}},"type":"binary-expr","locations":[{"start":{"line":419,"column":19},"end":{"line":419,"column":52}},{"start":{"line":419,"column":56},"end":{"line":419,"column":67}}],"line":419},"24":{"loc":{"start":{"line":422,"column":4},"end":{"line":426,"column":5}},"type":"if","locations":[{"start":{"line":422,"column":4},"end":{"line":426,"column":5}},{"start":{"line":424,"column":11},"end":{"line":426,"column":5}}],"line":422},"25":{"loc":{"start":{"line":436,"column":4},"end":{"line":439,"column":5}},"type":"if","locations":[{"start":{"line":436,"column":4},"end":{"line":439,"column":5}},{"start":{},"end":{}}],"line":436},"26":{"loc":{"start":{"line":453,"column":2},"end":{"line":456,"column":3}},"type":"if","locations":[{"start":{"line":453,"column":2},"end":{"line":456,"column":3}},{"start":{},"end":{}}],"line":453},"27":{"loc":{"start":{"line":453,"column":6},"end":{"line":453,"column":35}},"type":"binary-expr","locations":[{"start":{"line":453,"column":6},"end":{"line":453,"column":17}},{"start":{"line":453,"column":21},"end":{"line":453,"column":26}},{"start":{"line":453,"column":30},"end":{"line":453,"column":35}}],"line":453},"28":{"loc":{"start":{"line":469,"column":4},"end":{"line":472,"column":5}},"type":"if","locations":[{"start":{"line":469,"column":4},"end":{"line":472,"column":5}},{"start":{},"end":{}}],"line":469},"29":{"loc":{"start":{"line":493,"column":15},"end":{"line":493,"column":48}},"type":"binary-expr","locations":[{"start":{"line":493,"column":15},"end":{"line":493,"column":43}},{"start":{"line":493,"column":47},"end":{"line":493,"column":48}}],"line":493},"30":{"loc":{"start":{"line":494,"column":19},"end":{"line":494,"column":67}},"type":"binary-expr","locations":[{"start":{"line":494,"column":19},"end":{"line":494,"column":52}},{"start":{"line":494,"column":56},"end":{"line":494,"column":67}}],"line":494},"31":{"loc":{"start":{"line":497,"column":4},"end":{"line":501,"column":5}},"type":"if","locations":[{"start":{"line":497,"column":4},"end":{"line":501,"column":5}},{"start":{"line":499,"column":11},"end":{"line":501,"column":5}}],"line":497}},"s":{"0":3,"1":3,"2":3,"3":3,"4":3,"5":3,"6":3,"7":3,"8":3,"9":3,"10":3,"11":3,"12":3,"13":3,"14":3,"15":3,"16":0,"17":3,"18":0,"19":0,"20":0,"21":0,"22":3,"23":1,"24":1,"25":1,"26":1,"27":0,"28":3,"29":0,"30":0,"31":0,"32":0,"33":0,"34":0,"35":0,"36":0,"37":0,"38":0,"39":0,"40":0,"41":0,"42":0,"43":0,"44":3,"45":0,"46":0,"47":0,"48":0,"49":0,"50":0,"51":0,"52":0,"53":0,"54":0,"55":3,"56":0,"57":0,"58":0,"59":0,"60":0,"61":0,"62":0,"63":3,"64":0,"65":0,"66":0,"67":0,"68":0,"69":0,"70":0,"71":0,"72":0,"73":0,"74":0,"75":0,"76":0,"77":0,"78":0,"79":0,"80":0,"81":0,"82":0,"83":0,"84":0,"85":0,"86":0,"87":3,"88":2,"89":2,"90":2,"91":2,"92":0,"93":0,"94":2,"95":0,"96":3,"97":2,"98":2,"99":2,"100":1,"101":1,"102":1,"103":1,"104":1,"105":0,"106":3,"107":0,"108":0,"109":0,"110":0,"111":0,"112":0,"113":0,"114":0,"115":0,"116":3,"117":0,"118":0,"119":0,"120":0,"121":0,"122":0,"123":0,"124":0,"125":3,"126":0,"127":0,"128":0,"129":0,"130":0,"131":0,"132":0,"133":0,"134":3,"135":0,"136":0,"137":0,"138":0,"139":0,"140":0,"141":0,"142":0,"143":0,"144":3,"145":1,"146":1,"147":1,"148":0,"149":1,"150":0,"151":0,"152":3,"153":0,"154":0,"155":0,"156":0,"157":0,"158":0,"159":0,"160":3,"161":0,"162":0,"163":0,"164":0,"165":0,"166":0,"167":0,"168":0,"169":0,"170":3,"171":0,"172":0,"173":0,"174":0,"175":0,"176":0,"177":0,"178":0,"179":3,"180":0,"181":0,"182":0,"183":0,"184":0,"185":0,"186":0,"187":3,"188":0,"189":0,"190":0,"191":0,"192":0,"193":0,"194":0,"195":0,"196":0,"197":3,"198":0,"199":0,"200":0,"201":0,"202":0,"203":0,"204":0,"205":3,"206":0,"207":0,"208":0,"209":0,"210":0,"211":0,"212":0,"213":0,"214":3,"215":0,"216":0,"217":0,"218":0,"219":0,"220":0,"221":0,"222":0,"223":3,"224":0,"225":0,"226":0,"227":0,"228":0,"229":0,"230":0,"231":0,"232":3,"233":0,"234":0,"235":0,"236":0,"237":0,"238":0,"239":0,"240":0,"241":3,"242":0,"243":0,"244":0,"245":0,"246":0,"247":0,"248":0,"249":0,"250":0,"251":0,"252":3,"253":0,"254":0,"255":0,"256":0,"257":0,"258":0,"259":0,"260":3,"261":0,"262":0,"263":0,"264":0,"265":0,"266":0,"267":0,"268":0,"269":3},"f":{"0":0,"1":0,"2":1,"3":0,"4":0,"5":0,"6":0,"7":0,"8":0,"9":0,"10":0,"11":2,"12":2,"13":0,"14":0,"15":0,"16":0,"17":1,"18":0,"19":0,"20":0,"21":0,"22":0,"23":0,"24":0,"25":0,"26":0,"27":0,"28":0,"29":0,"30":0},"b":{"0":[0,0],"1":[0,0],"2":[0,0],"3":[0,0],"4":[0,0],"5":[0,2],"6":[1,1],"7":[2,2,1,1,1],"8":[0,0],"9":[0,0],"10":[0,0],"11":[0,0,0],"12":[0,0],"13":[0,1],"14":[0,0],"15":[0,0],"16":[0,0],"17":[0,0],"18":[0,0],"19":[0,0],"20":[0,0],"21":[0,0],"22":[0,0],"23":[0,0],"24":[0,0],"25":[0,0],"26":[0,0],"27":[0,0,0],"28":[0,0],"29":[0,0],"30":[0,0],"31":[0,0]},"_coverageSchema":"1a1c01bbd47fc00a2c39e90264f33305004495a9","hash":"4001b5d89e6b310317a2d3f6ba3a052a0881e37e"}
,"/Users/maggieschwierking/Desktop/project-spotify-penn/backend/model/chat.js": {"path":"/Users/maggieschwierking/Desktop/project-spotify-penn/backend/model/chat.js","statementMap":{"0":{"start":{"line":1,"column":24},"end":{"line":1,"column":42}},"1":{"start":{"line":3,"column":12},"end":{"line":3,"column":89}},"2":{"start":{"line":6,"column":20},"end":{"line":6,"column":93}},"3":{"start":{"line":8,"column":16},"end":{"line":16,"column":1}},"4":{"start":{"line":9,"column":2},"end":{"line":15,"column":3}},"5":{"start":{"line":10,"column":4},"end":{"line":10,"column":50}},"6":{"start":{"line":11,"column":4},"end":{"line":11,"column":77}},"7":{"start":{"line":12,"column":4},"end":{"line":12,"column":27}},"8":{"start":{"line":14,"column":4},"end":{"line":14,"column":15}},"9":{"start":{"line":18,"column":14},"end":{"line":20,"column":1}},"10":{"start":{"line":19,"column":2},"end":{"line":19,"column":32}},"11":{"start":{"line":24,"column":14},"end":{"line":30,"column":1}},"12":{"start":{"line":26,"column":2},"end":{"line":28,"column":3}},"13":{"start":{"line":27,"column":4},"end":{"line":27,"column":20}},"14":{"start":{"line":29,"column":2},"end":{"line":29,"column":39}},"15":{"start":{"line":32,"column":24},"end":{"line":36,"column":1}},"16":{"start":{"line":33,"column":13},"end":{"line":33,"column":26}},"17":{"start":{"line":34,"column":17},"end":{"line":34,"column":67}},"18":{"start":{"line":35,"column":2},"end":{"line":35,"column":27}},"19":{"start":{"line":38,"column":20},"end":{"line":42,"column":1}},"20":{"start":{"line":39,"column":13},"end":{"line":39,"column":26}},"21":{"start":{"line":40,"column":17},"end":{"line":40,"column":72}},"22":{"start":{"line":41,"column":2},"end":{"line":41,"column":25}},"23":{"start":{"line":44,"column":19},"end":{"line":49,"column":1}},"24":{"start":{"line":45,"column":13},"end":{"line":45,"column":26}},"25":{"start":{"line":47,"column":18},"end":{"line":47,"column":67}},"26":{"start":{"line":48,"column":2},"end":{"line":48,"column":17}},"27":{"start":{"line":51,"column":23},"end":{"line":58,"column":1}},"28":{"start":{"line":52,"column":13},"end":{"line":52,"column":26}},"29":{"start":{"line":53,"column":17},"end":{"line":56,"column":3}},"30":{"start":{"line":57,"column":2},"end":{"line":57,"column":16}},"31":{"start":{"line":60,"column":0},"end":{"line":68,"column":2}}},"fnMap":{"0":{"name":"(anonymous_0)","decl":{"start":{"line":8,"column":16},"end":{"line":8,"column":17}},"loc":{"start":{"line":8,"column":28},"end":{"line":16,"column":1}},"line":8},"1":{"name":"(anonymous_1)","decl":{"start":{"line":18,"column":14},"end":{"line":18,"column":15}},"loc":{"start":{"line":18,"column":26},"end":{"line":20,"column":1}},"line":18},"2":{"name":"(anonymous_2)","decl":{"start":{"line":24,"column":14},"end":{"line":24,"column":15}},"loc":{"start":{"line":24,"column":26},"end":{"line":30,"column":1}},"line":24},"3":{"name":"(anonymous_3)","decl":{"start":{"line":32,"column":24},"end":{"line":32,"column":25}},"loc":{"start":{"line":32,"column":44},"end":{"line":36,"column":1}},"line":32},"4":{"name":"(anonymous_4)","decl":{"start":{"line":38,"column":20},"end":{"line":38,"column":21}},"loc":{"start":{"line":38,"column":38},"end":{"line":42,"column":1}},"line":38},"5":{"name":"(anonymous_5)","decl":{"start":{"line":44,"column":19},"end":{"line":44,"column":20}},"loc":{"start":{"line":44,"column":31},"end":{"line":49,"column":1}},"line":44},"6":{"name":"(anonymous_6)","decl":{"start":{"line":51,"column":23},"end":{"line":51,"column":24}},"loc":{"start":{"line":51,"column":56},"end":{"line":58,"column":1}},"line":51}},"branchMap":{"0":{"loc":{"start":{"line":26,"column":2},"end":{"line":28,"column":3}},"type":"if","locations":[{"start":{"line":26,"column":2},"end":{"line":28,"column":3}},{"start":{},"end":{}}],"line":26}},"s":{"0":3,"1":3,"2":3,"3":3,"4":0,"5":0,"6":0,"7":0,"8":0,"9":3,"10":0,"11":3,"12":0,"13":0,"14":0,"15":3,"16":0,"17":0,"18":0,"19":3,"20":0,"21":0,"22":0,"23":3,"24":0,"25":0,"26":0,"27":3,"28":0,"29":0,"30":0,"31":3},"f":{"0":0,"1":0,"2":0,"3":0,"4":0,"5":0,"6":0},"b":{"0":[0,0]},"_coverageSchema":"1a1c01bbd47fc00a2c39e90264f33305004495a9","hash":"b3b58b567efac42c959d2401a5813d73288ca349"}
,"/Users/maggieschwierking/Desktop/project-spotify-penn/backend/model/communities.js": {"path":"/Users/maggieschwierking/Desktop/project-spotify-penn/backend/model/communities.js","statementMap":{"0":{"start":{"line":1,"column":24},"end":{"line":1,"column":42}},"1":{"start":{"line":3,"column":12},"end":{"line":3,"column":80}},"2":{"start":{"line":5,"column":20},"end":{"line":5,"column":93}},"3":{"start":{"line":7,"column":16},"end":{"line":15,"column":1}},"4":{"start":{"line":8,"column":2},"end":{"line":14,"column":3}},"5":{"start":{"line":9,"column":4},"end":{"line":9,"column":50}},"6":{"start":{"line":10,"column":4},"end":{"line":10,"column":84}},"7":{"start":{"line":11,"column":4},"end":{"line":11,"column":27}},"8":{"start":{"line":13,"column":4},"end":{"line":13,"column":15}},"9":{"start":{"line":19,"column":14},"end":{"line":26,"column":1}},"10":{"start":{"line":21,"column":2},"end":{"line":21,"column":31}},"11":{"start":{"line":22,"column":2},"end":{"line":24,"column":3}},"12":{"start":{"line":23,"column":4},"end":{"line":23,"column":20}},"13":{"start":{"line":25,"column":2},"end":{"line":25,"column":39}},"14":{"start":{"line":29,"column":23},"end":{"line":34,"column":1}},"15":{"start":{"line":30,"column":13},"end":{"line":30,"column":26}},"16":{"start":{"line":31,"column":17},"end":{"line":31,"column":70}},"17":{"start":{"line":32,"column":2},"end":{"line":32,"column":53}},"18":{"start":{"line":33,"column":2},"end":{"line":33,"column":16}},"19":{"start":{"line":36,"column":21},"end":{"line":40,"column":1}},"20":{"start":{"line":37,"column":13},"end":{"line":37,"column":26}},"21":{"start":{"line":38,"column":17},"end":{"line":38,"column":75}},"22":{"start":{"line":39,"column":2},"end":{"line":39,"column":27}},"23":{"start":{"line":42,"column":0},"end":{"line":45,"column":2}}},"fnMap":{"0":{"name":"(anonymous_0)","decl":{"start":{"line":7,"column":16},"end":{"line":7,"column":17}},"loc":{"start":{"line":7,"column":28},"end":{"line":15,"column":1}},"line":7},"1":{"name":"(anonymous_1)","decl":{"start":{"line":19,"column":14},"end":{"line":19,"column":15}},"loc":{"start":{"line":19,"column":26},"end":{"line":26,"column":1}},"line":19},"2":{"name":"(anonymous_2)","decl":{"start":{"line":29,"column":23},"end":{"line":29,"column":24}},"loc":{"start":{"line":29,"column":35},"end":{"line":34,"column":1}},"line":29},"3":{"name":"(anonymous_3)","decl":{"start":{"line":36,"column":21},"end":{"line":36,"column":22}},"loc":{"start":{"line":36,"column":45},"end":{"line":40,"column":1}},"line":36}},"branchMap":{"0":{"loc":{"start":{"line":22,"column":2},"end":{"line":24,"column":3}},"type":"if","locations":[{"start":{"line":22,"column":2},"end":{"line":24,"column":3}},{"start":{},"end":{}}],"line":22}},"s":{"0":3,"1":3,"2":3,"3":3,"4":0,"5":0,"6":0,"7":0,"8":0,"9":3,"10":0,"11":0,"12":0,"13":0,"14":3,"15":0,"16":0,"17":0,"18":0,"19":3,"20":0,"21":0,"22":0,"23":3},"f":{"0":0,"1":0,"2":0,"3":0},"b":{"0":[0,0]},"_coverageSchema":"1a1c01bbd47fc00a2c39e90264f33305004495a9","hash":"f4a520b349e3ae47d262675a40b5f3b6abdd59c0"}
,"/Users/maggieschwierking/Desktop/project-spotify-penn/backend/model/newArtist.js": {"path":"/Users/maggieschwierking/Desktop/project-spotify-penn/backend/model/newArtist.js","statementMap":{"0":{"start":{"line":3,"column":18},"end":{"line":3,"column":45}},"1":{"start":{"line":4,"column":46},"end":{"line":4,"column":80}},"2":{"start":{"line":7,"column":13},"end":{"line":7,"column":26}},"3":{"start":{"line":8,"column":17},"end":{"line":16,"column":4}},"4":{"start":{"line":17,"column":2},"end":{"line":17,"column":57}},"5":{"start":{"line":18,"column":2},"end":{"line":18,"column":27}},"6":{"start":{"line":22,"column":2},"end":{"line":40,"column":3}},"7":{"start":{"line":24,"column":15},"end":{"line":24,"column":28}},"8":{"start":{"line":25,"column":19},"end":{"line":25,"column":71}},"9":{"start":{"line":28,"column":4},"end":{"line":35,"column":5}},"10":{"start":{"line":28,"column":17},"end":{"line":28,"column":18}},"11":{"start":{"line":29,"column":24},"end":{"line":29,"column":33}},"12":{"start":{"line":30,"column":6},"end":{"line":34,"column":7}},"13":{"start":{"line":31,"column":8},"end":{"line":31,"column":31}},"14":{"start":{"line":33,"column":8},"end":{"line":33,"column":32}},"15":{"start":{"line":37,"column":4},"end":{"line":37,"column":18}},"16":{"start":{"line":39,"column":4},"end":{"line":39,"column":41}},"17":{"start":{"line":41,"column":2},"end":{"line":41,"column":14}},"18":{"start":{"line":45,"column":2},"end":{"line":45,"column":56}},"19":{"start":{"line":48,"column":0},"end":{"line":52,"column":2}}},"fnMap":{"0":{"name":"postNewArtistPlaylist","decl":{"start":{"line":6,"column":15},"end":{"line":6,"column":36}},"loc":{"start":{"line":6,"column":89},"end":{"line":19,"column":1}},"line":6},"1":{"name":"getNewArtistPlaylists","decl":{"start":{"line":21,"column":15},"end":{"line":21,"column":36}},"loc":{"start":{"line":21,"column":45},"end":{"line":42,"column":1}},"line":21},"2":{"name":"toggleNewArtistLikes","decl":{"start":{"line":44,"column":15},"end":{"line":44,"column":35}},"loc":{"start":{"line":44,"column":52},"end":{"line":46,"column":1}},"line":44}},"branchMap":{"0":{"loc":{"start":{"line":30,"column":6},"end":{"line":34,"column":7}},"type":"if","locations":[{"start":{"line":30,"column":6},"end":{"line":34,"column":7}},{"start":{"line":32,"column":13},"end":{"line":34,"column":7}}],"line":30}},"s":{"0":3,"1":3,"2":1,"3":1,"4":1,"5":1,"6":2,"7":2,"8":2,"9":2,"10":2,"11":67,"12":67,"13":0,"14":67,"15":2,"16":0,"17":0,"18":0,"19":3},"f":{"0":1,"1":2,"2":0},"b":{"0":[0,67]},"_coverageSchema":"1a1c01bbd47fc00a2c39e90264f33305004495a9","hash":"ec69a991d7bf955b934bcd58569c5d6801f50d56"}
,"/Users/maggieschwierking/Desktop/project-spotify-penn/backend/model/playlists.js": {"path":"/Users/maggieschwierking/Desktop/project-spotify-penn/backend/model/playlists.js","statementMap":{"0":{"start":{"line":3,"column":14},"end":{"line":3,"column":41}},"1":{"start":{"line":4,"column":69},"end":{"line":4,"column":103}},"2":{"start":{"line":6,"column":21},"end":{"line":22,"column":1}},"3":{"start":{"line":8,"column":13},"end":{"line":8,"column":26}},"4":{"start":{"line":9,"column":20},"end":{"line":9,"column":71}},"5":{"start":{"line":12,"column":2},"end":{"line":19,"column":3}},"6":{"start":{"line":12,"column":15},"end":{"line":12,"column":16}},"7":{"start":{"line":13,"column":21},"end":{"line":13,"column":33}},"8":{"start":{"line":14,"column":4},"end":{"line":18,"column":5}},"9":{"start":{"line":15,"column":6},"end":{"line":15,"column":28}},"10":{"start":{"line":17,"column":6},"end":{"line":17,"column":29}},"11":{"start":{"line":21,"column":2},"end":{"line":21,"column":19}},"12":{"start":{"line":24,"column":22},"end":{"line":35,"column":1}},"13":{"start":{"line":25,"column":13},"end":{"line":25,"column":26}},"14":{"start":{"line":26,"column":17},"end":{"line":32,"column":4}},"15":{"start":{"line":33,"column":2},"end":{"line":33,"column":57}},"16":{"start":{"line":34,"column":2},"end":{"line":34,"column":27}},"17":{"start":{"line":37,"column":27},"end":{"line":37,"column":106}},"18":{"start":{"line":37,"column":57},"end":{"line":37,"column":106}},"19":{"start":{"line":39,"column":26},"end":{"line":39,"column":110}},"20":{"start":{"line":39,"column":56},"end":{"line":39,"column":110}},"21":{"start":{"line":41,"column":0},"end":{"line":46,"column":2}}},"fnMap":{"0":{"name":"(anonymous_0)","decl":{"start":{"line":6,"column":21},"end":{"line":6,"column":22}},"loc":{"start":{"line":6,"column":39},"end":{"line":22,"column":1}},"line":6},"1":{"name":"(anonymous_1)","decl":{"start":{"line":24,"column":22},"end":{"line":24,"column":23}},"loc":{"start":{"line":24,"column":48},"end":{"line":35,"column":1}},"line":24},"2":{"name":"(anonymous_2)","decl":{"start":{"line":37,"column":27},"end":{"line":37,"column":28}},"loc":{"start":{"line":37,"column":57},"end":{"line":37,"column":106}},"line":37},"3":{"name":"(anonymous_3)","decl":{"start":{"line":39,"column":26},"end":{"line":39,"column":27}},"loc":{"start":{"line":39,"column":56},"end":{"line":39,"column":110}},"line":39}},"branchMap":{"0":{"loc":{"start":{"line":14,"column":4},"end":{"line":18,"column":5}},"type":"if","locations":[{"start":{"line":14,"column":4},"end":{"line":18,"column":5}},{"start":{"line":16,"column":11},"end":{"line":18,"column":5}}],"line":14}},"s":{"0":3,"1":3,"2":3,"3":0,"4":0,"5":0,"6":0,"7":0,"8":0,"9":0,"10":0,"11":0,"12":3,"13":0,"14":0,"15":0,"16":0,"17":3,"18":0,"19":3,"20":0,"21":3},"f":{"0":0,"1":0,"2":0,"3":0},"b":{"0":[0,0]},"_coverageSchema":"1a1c01bbd47fc00a2c39e90264f33305004495a9","hash":"3a5919b0f0a8fb23e626169949d059be900eedc7"}
,"/Users/maggieschwierking/Desktop/project-spotify-penn/backend/model/spotify.js": {"path":"/Users/maggieschwierking/Desktop/project-spotify-penn/backend/model/spotify.js","statementMap":{"0":{"start":{"line":2,"column":24},"end":{"line":2,"column":42}},"1":{"start":{"line":4,"column":12},"end":{"line":4,"column":89}},"2":{"start":{"line":7,"column":20},"end":{"line":7,"column":93}},"3":{"start":{"line":9,"column":16},"end":{"line":17,"column":1}},"4":{"start":{"line":10,"column":2},"end":{"line":16,"column":3}},"5":{"start":{"line":11,"column":4},"end":{"line":11,"column":50}},"6":{"start":{"line":12,"column":4},"end":{"line":12,"column":80}},"7":{"start":{"line":13,"column":4},"end":{"line":13,"column":27}},"8":{"start":{"line":15,"column":4},"end":{"line":15,"column":15}},"9":{"start":{"line":19,"column":14},"end":{"line":21,"column":1}},"10":{"start":{"line":20,"column":2},"end":{"line":20,"column":32}},"11":{"start":{"line":25,"column":14},"end":{"line":31,"column":1}},"12":{"start":{"line":27,"column":2},"end":{"line":29,"column":3}},"13":{"start":{"line":28,"column":4},"end":{"line":28,"column":20}},"14":{"start":{"line":30,"column":2},"end":{"line":30,"column":39}},"15":{"start":{"line":33,"column":21},"end":{"line":45,"column":1}},"16":{"start":{"line":34,"column":13},"end":{"line":34,"column":26}},"17":{"start":{"line":35,"column":17},"end":{"line":38,"column":3}},"18":{"start":{"line":39,"column":2},"end":{"line":43,"column":3}},"19":{"start":{"line":40,"column":4},"end":{"line":40,"column":52}},"20":{"start":{"line":42,"column":4},"end":{"line":42,"column":59}},"21":{"start":{"line":44,"column":2},"end":{"line":44,"column":16}},"22":{"start":{"line":47,"column":22},"end":{"line":59,"column":1}},"23":{"start":{"line":48,"column":13},"end":{"line":48,"column":26}},"24":{"start":{"line":49,"column":17},"end":{"line":52,"column":3}},"25":{"start":{"line":53,"column":2},"end":{"line":57,"column":3}},"26":{"start":{"line":54,"column":4},"end":{"line":54,"column":52}},"27":{"start":{"line":56,"column":4},"end":{"line":56,"column":60}},"28":{"start":{"line":58,"column":2},"end":{"line":58,"column":16}},"29":{"start":{"line":61,"column":0},"end":{"line":66,"column":2}}},"fnMap":{"0":{"name":"(anonymous_0)","decl":{"start":{"line":9,"column":16},"end":{"line":9,"column":17}},"loc":{"start":{"line":9,"column":28},"end":{"line":17,"column":1}},"line":9},"1":{"name":"(anonymous_1)","decl":{"start":{"line":19,"column":14},"end":{"line":19,"column":15}},"loc":{"start":{"line":19,"column":26},"end":{"line":21,"column":1}},"line":19},"2":{"name":"(anonymous_2)","decl":{"start":{"line":25,"column":14},"end":{"line":25,"column":15}},"loc":{"start":{"line":25,"column":26},"end":{"line":31,"column":1}},"line":25},"3":{"name":"(anonymous_3)","decl":{"start":{"line":33,"column":21},"end":{"line":33,"column":22}},"loc":{"start":{"line":33,"column":45},"end":{"line":45,"column":1}},"line":33},"4":{"name":"(anonymous_4)","decl":{"start":{"line":47,"column":22},"end":{"line":47,"column":23}},"loc":{"start":{"line":47,"column":48},"end":{"line":59,"column":1}},"line":47}},"branchMap":{"0":{"loc":{"start":{"line":27,"column":2},"end":{"line":29,"column":3}},"type":"if","locations":[{"start":{"line":27,"column":2},"end":{"line":29,"column":3}},{"start":{},"end":{}}],"line":27},"1":{"loc":{"start":{"line":39,"column":2},"end":{"line":43,"column":3}},"type":"if","locations":[{"start":{"line":39,"column":2},"end":{"line":43,"column":3}},{"start":{"line":41,"column":9},"end":{"line":43,"column":3}}],"line":39},"2":{"loc":{"start":{"line":53,"column":2},"end":{"line":57,"column":3}},"type":"if","locations":[{"start":{"line":53,"column":2},"end":{"line":57,"column":3}},{"start":{"line":55,"column":9},"end":{"line":57,"column":3}}],"line":53}},"s":{"0":3,"1":3,"2":3,"3":3,"4":0,"5":0,"6":0,"7":0,"8":0,"9":3,"10":0,"11":3,"12":0,"13":0,"14":0,"15":3,"16":0,"17":0,"18":0,"19":0,"20":0,"21":0,"22":3,"23":0,"24":0,"25":0,"26":0,"27":0,"28":0,"29":3},"f":{"0":0,"1":0,"2":0,"3":0,"4":0},"b":{"0":[0,0],"1":[0,0],"2":[0,0]},"_coverageSchema":"1a1c01bbd47fc00a2c39e90264f33305004495a9","hash":"3f8392b8222213d46bdc7c472a563b135236fa5e"}
,"/Users/maggieschwierking/Desktop/project-spotify-penn/backend/model/users.js": {"path":"/Users/maggieschwierking/Desktop/project-spotify-penn/backend/model/users.js","statementMap":{"0":{"start":{"line":7,"column":24},"end":{"line":7,"column":42}},"1":{"start":{"line":9,"column":12},"end":{"line":9,"column":89}},"2":{"start":{"line":12,"column":20},"end":{"line":12,"column":93}},"3":{"start":{"line":14,"column":16},"end":{"line":22,"column":1}},"4":{"start":{"line":15,"column":2},"end":{"line":21,"column":3}},"5":{"start":{"line":16,"column":4},"end":{"line":16,"column":50}},"6":{"start":{"line":17,"column":4},"end":{"line":17,"column":78}},"7":{"start":{"line":18,"column":4},"end":{"line":18,"column":27}},"8":{"start":{"line":20,"column":4},"end":{"line":20,"column":15}},"9":{"start":{"line":24,"column":14},"end":{"line":26,"column":1}},"10":{"start":{"line":25,"column":2},"end":{"line":25,"column":32}},"11":{"start":{"line":30,"column":14},"end":{"line":36,"column":1}},"12":{"start":{"line":32,"column":2},"end":{"line":34,"column":3}},"13":{"start":{"line":33,"column":4},"end":{"line":33,"column":20}},"14":{"start":{"line":35,"column":2},"end":{"line":35,"column":39}},"15":{"start":{"line":38,"column":20},"end":{"line":41,"column":1}},"16":{"start":{"line":39,"column":2},"end":{"line":39,"column":145}},"17":{"start":{"line":40,"column":2},"end":{"line":40,"column":63}},"18":{"start":{"line":44,"column":17},"end":{"line":67,"column":1}},"19":{"start":{"line":45,"column":13},"end":{"line":45,"column":26}},"20":{"start":{"line":46,"column":16},"end":{"line":46,"column":63}},"21":{"start":{"line":48,"column":2},"end":{"line":64,"column":3}},"22":{"start":{"line":49,"column":4},"end":{"line":49,"column":55}},"23":{"start":{"line":52,"column":21},"end":{"line":52,"column":74}},"24":{"start":{"line":54,"column":4},"end":{"line":63,"column":5}},"25":{"start":{"line":54,"column":17},"end":{"line":54,"column":18}},"26":{"start":{"line":55,"column":19},"end":{"line":55,"column":27}},"27":{"start":{"line":56,"column":6},"end":{"line":62,"column":7}},"28":{"start":{"line":57,"column":8},"end":{"line":57,"column":56}},"29":{"start":{"line":58,"column":8},"end":{"line":58,"column":28}},"30":{"start":{"line":60,"column":8},"end":{"line":60,"column":57}},"31":{"start":{"line":61,"column":8},"end":{"line":61,"column":29}},"32":{"start":{"line":66,"column":2},"end":{"line":66,"column":15}},"33":{"start":{"line":70,"column":16},"end":{"line":74,"column":1}},"34":{"start":{"line":71,"column":13},"end":{"line":71,"column":26}},"35":{"start":{"line":72,"column":15},"end":{"line":72,"column":67}},"36":{"start":{"line":73,"column":2},"end":{"line":73,"column":14}},"37":{"start":{"line":77,"column":16},"end":{"line":82,"column":1}},"38":{"start":{"line":79,"column":13},"end":{"line":79,"column":26}},"39":{"start":{"line":80,"column":17},"end":{"line":80,"column":64}},"40":{"start":{"line":81,"column":2},"end":{"line":81,"column":27}},"41":{"start":{"line":84,"column":20},"end":{"line":88,"column":1}},"42":{"start":{"line":85,"column":13},"end":{"line":85,"column":26}},"43":{"start":{"line":86,"column":15},"end":{"line":86,"column":64}},"44":{"start":{"line":87,"column":2},"end":{"line":87,"column":23}},"45":{"start":{"line":90,"column":19},"end":{"line":107,"column":1}},"46":{"start":{"line":91,"column":13},"end":{"line":91,"column":26}},"47":{"start":{"line":93,"column":2},"end":{"line":106,"column":3}},"48":{"start":{"line":94,"column":19},"end":{"line":97,"column":5}},"49":{"start":{"line":99,"column":4},"end":{"line":101,"column":5}},"50":{"start":{"line":100,"column":6},"end":{"line":100,"column":54}},"51":{"start":{"line":103,"column":4},"end":{"line":103,"column":59}},"52":{"start":{"line":105,"column":4},"end":{"line":105,"column":71}},"53":{"start":{"line":110,"column":2},"end":{"line":137,"column":3}},"54":{"start":{"line":111,"column":15},"end":{"line":111,"column":28}},"55":{"start":{"line":112,"column":19},"end":{"line":112,"column":40}},"56":{"start":{"line":113,"column":22},"end":{"line":127,"column":16}},"57":{"start":{"line":129,"column":4},"end":{"line":132,"column":8}},"58":{"start":{"line":129,"column":52},"end":{"line":132,"column":5}},"59":{"start":{"line":134,"column":4},"end":{"line":134,"column":23}},"60":{"start":{"line":136,"column":4},"end":{"line":136,"column":16}},"61":{"start":{"line":140,"column":21},"end":{"line":170,"column":1}},"62":{"start":{"line":141,"column":13},"end":{"line":141,"column":26}},"63":{"start":{"line":143,"column":19},"end":{"line":143,"column":76}},"64":{"start":{"line":145,"column":2},"end":{"line":148,"column":3}},"65":{"start":{"line":146,"column":4},"end":{"line":146,"column":43}},"66":{"start":{"line":147,"column":4},"end":{"line":147,"column":21}},"67":{"start":{"line":150,"column":14},"end":{"line":150,"column":71}},"68":{"start":{"line":152,"column":2},"end":{"line":155,"column":3}},"69":{"start":{"line":153,"column":4},"end":{"line":153,"column":43}},"70":{"start":{"line":154,"column":4},"end":{"line":154,"column":21}},"71":{"start":{"line":158,"column":2},"end":{"line":162,"column":3}},"72":{"start":{"line":159,"column":4},"end":{"line":159,"column":69}},"73":{"start":{"line":160,"column":4},"end":{"line":160,"column":103}},"74":{"start":{"line":161,"column":4},"end":{"line":161,"column":31}},"75":{"start":{"line":162,"column":4},"end":{"line":166,"column":3}},"76":{"start":{"line":163,"column":4},"end":{"line":163,"column":58}},"77":{"start":{"line":164,"column":4},"end":{"line":164,"column":102}},"78":{"start":{"line":165,"column":4},"end":{"line":165,"column":32}},"79":{"start":{"line":167,"column":2},"end":{"line":167,"column":54}},"80":{"start":{"line":168,"column":2},"end":{"line":168,"column":100}},"81":{"start":{"line":169,"column":2},"end":{"line":169,"column":29}},"82":{"start":{"line":172,"column":21},"end":{"line":182,"column":1}},"83":{"start":{"line":173,"column":13},"end":{"line":173,"column":26}},"84":{"start":{"line":174,"column":2},"end":{"line":181,"column":3}},"85":{"start":{"line":175,"column":21},"end":{"line":175,"column":70}},"86":{"start":{"line":176,"column":4},"end":{"line":176,"column":73}},"87":{"start":{"line":177,"column":4},"end":{"line":177,"column":30}},"88":{"start":{"line":179,"column":4},"end":{"line":179,"column":41}},"89":{"start":{"line":180,"column":4},"end":{"line":180,"column":16}},"90":{"start":{"line":184,"column":22},"end":{"line":221,"column":1}},"91":{"start":{"line":185,"column":2},"end":{"line":220,"column":3}},"92":{"start":{"line":186,"column":15},"end":{"line":186,"column":28}},"93":{"start":{"line":187,"column":17},"end":{"line":187,"column":66}},"94":{"start":{"line":189,"column":4},"end":{"line":192,"column":5}},"95":{"start":{"line":190,"column":6},"end":{"line":190,"column":43}},"96":{"start":{"line":191,"column":6},"end":{"line":191,"column":18}},"97":{"start":{"line":194,"column":29},"end":{"line":194,"column":43}},"98":{"start":{"line":195,"column":24},"end":{"line":199,"column":5}},"99":{"start":{"line":200,"column":4},"end":{"line":200,"column":39}},"100":{"start":{"line":201,"column":16},"end":{"line":204,"column":5}},"101":{"start":{"line":206,"column":4},"end":{"line":206,"column":53}},"102":{"start":{"line":208,"column":4},"end":{"line":211,"column":5}},"103":{"start":{"line":209,"column":6},"end":{"line":209,"column":67}},"104":{"start":{"line":210,"column":6},"end":{"line":210,"column":18}},"105":{"start":{"line":211,"column":6},"end":{"line":214,"column":5}},"106":{"start":{"line":212,"column":6},"end":{"line":212,"column":67}},"107":{"start":{"line":213,"column":6},"end":{"line":213,"column":18}},"108":{"start":{"line":215,"column":4},"end":{"line":215,"column":53}},"109":{"start":{"line":216,"column":4},"end":{"line":216,"column":28}},"110":{"start":{"line":218,"column":4},"end":{"line":218,"column":41}},"111":{"start":{"line":219,"column":4},"end":{"line":219,"column":16}},"112":{"start":{"line":223,"column":19},"end":{"line":240,"column":1}},"113":{"start":{"line":224,"column":13},"end":{"line":224,"column":26}},"114":{"start":{"line":225,"column":2},"end":{"line":239,"column":3}},"115":{"start":{"line":226,"column":17},"end":{"line":226,"column":66}},"116":{"start":{"line":228,"column":4},"end":{"line":231,"column":5}},"117":{"start":{"line":229,"column":6},"end":{"line":229,"column":43}},"118":{"start":{"line":230,"column":6},"end":{"line":230,"column":18}},"119":{"start":{"line":233,"column":24},"end":{"line":233,"column":28}},"120":{"start":{"line":234,"column":4},"end":{"line":234,"column":60}},"121":{"start":{"line":235,"column":4},"end":{"line":235,"column":19}},"122":{"start":{"line":237,"column":4},"end":{"line":237,"column":41}},"123":{"start":{"line":238,"column":4},"end":{"line":238,"column":16}},"124":{"start":{"line":242,"column":24},"end":{"line":260,"column":1}},"125":{"start":{"line":243,"column":13},"end":{"line":243,"column":26}},"126":{"start":{"line":244,"column":2},"end":{"line":259,"column":3}},"127":{"start":{"line":245,"column":17},"end":{"line":245,"column":66}},"128":{"start":{"line":246,"column":4},"end":{"line":246,"column":34}},"129":{"start":{"line":247,"column":4},"end":{"line":250,"column":5}},"130":{"start":{"line":248,"column":6},"end":{"line":248,"column":43}},"131":{"start":{"line":249,"column":6},"end":{"line":249,"column":18}},"132":{"start":{"line":252,"column":28},"end":{"line":252,"column":32}},"133":{"start":{"line":253,"column":4},"end":{"line":253,"column":20}},"134":{"start":{"line":254,"column":4},"end":{"line":254,"column":68}},"135":{"start":{"line":255,"column":4},"end":{"line":255,"column":23}},"136":{"start":{"line":257,"column":4},"end":{"line":257,"column":41}},"137":{"start":{"line":258,"column":4},"end":{"line":258,"column":16}},"138":{"start":{"line":263,"column":2},"end":{"line":302,"column":3}},"139":{"start":{"line":264,"column":15},"end":{"line":264,"column":28}},"140":{"start":{"line":265,"column":19},"end":{"line":265,"column":40}},"141":{"start":{"line":266,"column":24},"end":{"line":292,"column":16}},"142":{"start":{"line":294,"column":4},"end":{"line":297,"column":8}},"143":{"start":{"line":294,"column":58},"end":{"line":297,"column":5}},"144":{"start":{"line":299,"column":4},"end":{"line":299,"column":25}},"145":{"start":{"line":301,"column":4},"end":{"line":301,"column":16}},"146":{"start":{"line":305,"column":0},"end":{"line":320,"column":2}}},"fnMap":{"0":{"name":"(anonymous_0)","decl":{"start":{"line":14,"column":16},"end":{"line":14,"column":17}},"loc":{"start":{"line":14,"column":28},"end":{"line":22,"column":1}},"line":14},"1":{"name":"(anonymous_1)","decl":{"start":{"line":24,"column":14},"end":{"line":24,"column":15}},"loc":{"start":{"line":24,"column":26},"end":{"line":26,"column":1}},"line":24},"2":{"name":"(anonymous_2)","decl":{"start":{"line":30,"column":14},"end":{"line":30,"column":15}},"loc":{"start":{"line":30,"column":26},"end":{"line":36,"column":1}},"line":30},"3":{"name":"(anonymous_3)","decl":{"start":{"line":38,"column":20},"end":{"line":38,"column":21}},"loc":{"start":{"line":38,"column":42},"end":{"line":41,"column":1}},"line":38},"4":{"name":"(anonymous_4)","decl":{"start":{"line":44,"column":17},"end":{"line":44,"column":18}},"loc":{"start":{"line":44,"column":35},"end":{"line":67,"column":1}},"line":44},"5":{"name":"(anonymous_5)","decl":{"start":{"line":70,"column":16},"end":{"line":70,"column":17}},"loc":{"start":{"line":70,"column":33},"end":{"line":74,"column":1}},"line":70},"6":{"name":"(anonymous_6)","decl":{"start":{"line":77,"column":16},"end":{"line":77,"column":17}},"loc":{"start":{"line":77,"column":35},"end":{"line":82,"column":1}},"line":77},"7":{"name":"(anonymous_7)","decl":{"start":{"line":84,"column":20},"end":{"line":84,"column":21}},"loc":{"start":{"line":84,"column":34},"end":{"line":88,"column":1}},"line":84},"8":{"name":"(anonymous_8)","decl":{"start":{"line":90,"column":19},"end":{"line":90,"column":20}},"loc":{"start":{"line":90,"column":33},"end":{"line":107,"column":1}},"line":90},"9":{"name":"getRankedSongs","decl":{"start":{"line":109,"column":15},"end":{"line":109,"column":29}},"loc":{"start":{"line":109,"column":46},"end":{"line":138,"column":1}},"line":109},"10":{"name":"(anonymous_10)","decl":{"start":{"line":129,"column":34},"end":{"line":129,"column":35}},"loc":{"start":{"line":129,"column":52},"end":{"line":132,"column":5}},"line":129},"11":{"name":"(anonymous_11)","decl":{"start":{"line":140,"column":21},"end":{"line":140,"column":22}},"loc":{"start":{"line":140,"column":55},"end":{"line":170,"column":1}},"line":140},"12":{"name":"(anonymous_12)","decl":{"start":{"line":172,"column":21},"end":{"line":172,"column":22}},"loc":{"start":{"line":172,"column":35},"end":{"line":182,"column":1}},"line":172},"13":{"name":"(anonymous_13)","decl":{"start":{"line":184,"column":22},"end":{"line":184,"column":23}},"loc":{"start":{"line":184,"column":60},"end":{"line":221,"column":1}},"line":184},"14":{"name":"(anonymous_14)","decl":{"start":{"line":223,"column":19},"end":{"line":223,"column":20}},"loc":{"start":{"line":223,"column":33},"end":{"line":240,"column":1}},"line":223},"15":{"name":"(anonymous_15)","decl":{"start":{"line":242,"column":24},"end":{"line":242,"column":25}},"loc":{"start":{"line":242,"column":38},"end":{"line":260,"column":1}},"line":242},"16":{"name":"getRankedArtists","decl":{"start":{"line":262,"column":15},"end":{"line":262,"column":31}},"loc":{"start":{"line":262,"column":48},"end":{"line":303,"column":1}},"line":262},"17":{"name":"(anonymous_17)","decl":{"start":{"line":294,"column":38},"end":{"line":294,"column":39}},"loc":{"start":{"line":294,"column":58},"end":{"line":297,"column":5}},"line":294}},"branchMap":{"0":{"loc":{"start":{"line":32,"column":2},"end":{"line":34,"column":3}},"type":"if","locations":[{"start":{"line":32,"column":2},"end":{"line":34,"column":3}},{"start":{},"end":{}}],"line":32},"1":{"loc":{"start":{"line":39,"column":90},"end":{"line":39,"column":143}},"type":"binary-expr","locations":[{"start":{"line":39,"column":90},"end":{"line":39,"column":104}},{"start":{"line":39,"column":108},"end":{"line":39,"column":143}}],"line":39},"2":{"loc":{"start":{"line":40,"column":9},"end":{"line":40,"column":62}},"type":"binary-expr","locations":[{"start":{"line":40,"column":9},"end":{"line":40,"column":23}},{"start":{"line":40,"column":27},"end":{"line":40,"column":62}}],"line":40},"3":{"loc":{"start":{"line":48,"column":2},"end":{"line":64,"column":3}},"type":"if","locations":[{"start":{"line":48,"column":2},"end":{"line":64,"column":3}},{"start":{},"end":{}}],"line":48},"4":{"loc":{"start":{"line":56,"column":6},"end":{"line":62,"column":7}},"type":"if","locations":[{"start":{"line":56,"column":6},"end":{"line":62,"column":7}},{"start":{"line":59,"column":13},"end":{"line":62,"column":7}}],"line":56},"5":{"loc":{"start":{"line":99,"column":4},"end":{"line":101,"column":5}},"type":"if","locations":[{"start":{"line":99,"column":4},"end":{"line":101,"column":5}},{"start":{},"end":{}}],"line":99},"6":{"loc":{"start":{"line":145,"column":2},"end":{"line":148,"column":3}},"type":"if","locations":[{"start":{"line":145,"column":2},"end":{"line":148,"column":3}},{"start":{},"end":{}}],"line":145},"7":{"loc":{"start":{"line":152,"column":2},"end":{"line":155,"column":3}},"type":"if","locations":[{"start":{"line":152,"column":2},"end":{"line":155,"column":3}},{"start":{},"end":{}}],"line":152},"8":{"loc":{"start":{"line":158,"column":2},"end":{"line":162,"column":3}},"type":"if","locations":[{"start":{"line":158,"column":2},"end":{"line":162,"column":3}},{"start":{},"end":{}}],"line":158},"9":{"loc":{"start":{"line":162,"column":4},"end":{"line":166,"column":3}},"type":"if","locations":[{"start":{"line":162,"column":4},"end":{"line":166,"column":3}},{"start":{},"end":{}}],"line":162},"10":{"loc":{"start":{"line":189,"column":4},"end":{"line":192,"column":5}},"type":"if","locations":[{"start":{"line":189,"column":4},"end":{"line":192,"column":5}},{"start":{},"end":{}}],"line":189},"11":{"loc":{"start":{"line":208,"column":4},"end":{"line":211,"column":5}},"type":"if","locations":[{"start":{"line":208,"column":4},"end":{"line":211,"column":5}},{"start":{},"end":{}}],"line":208},"12":{"loc":{"start":{"line":211,"column":6},"end":{"line":214,"column":5}},"type":"if","locations":[{"start":{"line":211,"column":6},"end":{"line":214,"column":5}},{"start":{},"end":{}}],"line":211},"13":{"loc":{"start":{"line":228,"column":4},"end":{"line":231,"column":5}},"type":"if","locations":[{"start":{"line":228,"column":4},"end":{"line":231,"column":5}},{"start":{},"end":{}}],"line":228},"14":{"loc":{"start":{"line":247,"column":4},"end":{"line":250,"column":5}},"type":"if","locations":[{"start":{"line":247,"column":4},"end":{"line":250,"column":5}},{"start":{},"end":{}}],"line":247}},"s":{"0":3,"1":3,"2":3,"3":3,"4":1,"5":1,"6":1,"7":1,"8":0,"9":3,"10":0,"11":3,"12":2,"13":1,"14":2,"15":3,"16":0,"17":0,"18":3,"19":0,"20":0,"21":0,"22":0,"23":0,"24":0,"25":0,"26":0,"27":0,"28":0,"29":0,"30":0,"31":0,"32":0,"33":3,"34":1,"35":1,"36":1,"37":3,"38":1,"39":1,"40":1,"41":3,"42":0,"43":0,"44":0,"45":3,"46":0,"47":0,"48":0,"49":0,"50":0,"51":0,"52":0,"53":0,"54":0,"55":0,"56":0,"57":0,"58":0,"59":0,"60":0,"61":3,"62":0,"63":0,"64":0,"65":0,"66":0,"67":0,"68":0,"69":0,"70":0,"71":0,"72":0,"73":0,"74":0,"75":0,"76":0,"77":0,"78":0,"79":0,"80":0,"81":0,"82":3,"83":0,"84":0,"85":0,"86":0,"87":0,"88":0,"89":0,"90":3,"91":0,"92":0,"93":0,"94":0,"95":0,"96":0,"97":0,"98":0,"99":0,"100":0,"101":0,"102":0,"103":0,"104":0,"105":0,"106":0,"107":0,"108":0,"109":0,"110":0,"111":0,"112":3,"113":0,"114":0,"115":0,"116":0,"117":0,"118":0,"119":0,"120":0,"121":0,"122":0,"123":0,"124":3,"125":0,"126":0,"127":0,"128":0,"129":0,"130":0,"131":0,"132":0,"133":0,"134":0,"135":0,"136":0,"137":0,"138":0,"139":0,"140":0,"141":0,"142":0,"143":0,"144":0,"145":0,"146":3},"f":{"0":1,"1":0,"2":2,"3":0,"4":0,"5":1,"6":1,"7":0,"8":0,"9":0,"10":0,"11":0,"12":0,"13":0,"14":0,"15":0,"16":0,"17":0},"b":{"0":[1,1],"1":[0,0],"2":[0,0],"3":[0,0],"4":[0,0],"5":[0,0],"6":[0,0],"7":[0,0],"8":[0,0],"9":[0,0],"10":[0,0],"11":[0,0],"12":[0,0],"13":[0,0],"14":[0,0]},"_coverageSchema":"1a1c01bbd47fc00a2c39e90264f33305004495a9","hash":"445e8b09090ca5869b818e3d79119a123867548b"}
,"/Users/maggieschwierking/Desktop/project-spotify-penn/backend/utils/dbUtils.js": {"path":"/Users/maggieschwierking/Desktop/project-spotify-penn/backend/utils/dbUtils.js","statementMap":{"0":{"start":{"line":2,"column":24},"end":{"line":2,"column":42}},"1":{"start":{"line":4,"column":12},"end":{"line":4,"column":80}},"2":{"start":{"line":6,"column":20},"end":{"line":6,"column":93}},"3":{"start":{"line":8,"column":16},"end":{"line":16,"column":1}},"4":{"start":{"line":9,"column":2},"end":{"line":15,"column":3}},"5":{"start":{"line":10,"column":4},"end":{"line":10,"column":50}},"6":{"start":{"line":11,"column":4},"end":{"line":11,"column":70}},"7":{"start":{"line":12,"column":4},"end":{"line":12,"column":27}},"8":{"start":{"line":14,"column":4},"end":{"line":14,"column":15}},"9":{"start":{"line":19,"column":14},"end":{"line":25,"column":1}},"10":{"start":{"line":21,"column":2},"end":{"line":23,"column":3}},"11":{"start":{"line":22,"column":4},"end":{"line":22,"column":20}},"12":{"start":{"line":24,"column":2},"end":{"line":24,"column":39}},"13":{"start":{"line":27,"column":31},"end":{"line":29,"column":1}},"14":{"start":{"line":28,"column":2},"end":{"line":28,"column":32}},"15":{"start":{"line":31,"column":0},"end":{"line":31,"column":60}}},"fnMap":{"0":{"name":"(anonymous_0)","decl":{"start":{"line":8,"column":16},"end":{"line":8,"column":17}},"loc":{"start":{"line":8,"column":28},"end":{"line":16,"column":1}},"line":8},"1":{"name":"(anonymous_1)","decl":{"start":{"line":19,"column":14},"end":{"line":19,"column":15}},"loc":{"start":{"line":19,"column":26},"end":{"line":25,"column":1}},"line":19},"2":{"name":"(anonymous_2)","decl":{"start":{"line":27,"column":31},"end":{"line":27,"column":32}},"loc":{"start":{"line":27,"column":43},"end":{"line":29,"column":1}},"line":27}},"branchMap":{"0":{"loc":{"start":{"line":21,"column":2},"end":{"line":23,"column":3}},"type":"if","locations":[{"start":{"line":21,"column":2},"end":{"line":23,"column":3}},{"start":{},"end":{}}],"line":21}},"s":{"0":3,"1":3,"2":3,"3":3,"4":4,"5":4,"6":4,"7":4,"8":0,"9":3,"10":3,"11":0,"12":3,"13":3,"14":4,"15":3},"f":{"0":4,"1":3,"2":4},"b":{"0":[0,3]},"_coverageSchema":"1a1c01bbd47fc00a2c39e90264f33305004495a9","hash":"2a1891e5f2594e9d8fb24ab08a644720199b6969"}
,"/Users/maggieschwierking/Desktop/project-spotify-penn/backend/utils/testUtils.js": {"path":"/Users/maggieschwierking/Desktop/project-spotify-penn/backend/utils/testUtils.js","statementMap":{"0":{"start":{"line":2,"column":38},"end":{"line":5,"column":1}},"1":{"start":{"line":3,"column":17},"end":{"line":3,"column":71}},"2":{"start":{"line":4,"column":2},"end":{"line":4,"column":27}},"3":{"start":{"line":7,"column":40},"end":{"line":19,"column":1}},"4":{"start":{"line":8,"column":2},"end":{"line":18,"column":3}},"5":{"start":{"line":9,"column":19},"end":{"line":9,"column":84}},"6":{"start":{"line":10,"column":29},"end":{"line":10,"column":35}},"7":{"start":{"line":11,"column":4},"end":{"line":15,"column":5}},"8":{"start":{"line":12,"column":6},"end":{"line":12,"column":65}},"9":{"start":{"line":14,"column":6},"end":{"line":14,"column":63}},"10":{"start":{"line":17,"column":4},"end":{"line":17,"column":38}},"11":{"start":{"line":21,"column":22},"end":{"line":26,"column":1}},"12":{"start":{"line":28,"column":22},"end":{"line":36,"column":1}},"13":{"start":{"line":48,"column":37},"end":{"line":51,"column":1}},"14":{"start":{"line":49,"column":17},"end":{"line":49,"column":70}},"15":{"start":{"line":50,"column":2},"end":{"line":50,"column":27}},"16":{"start":{"line":58,"column":39},"end":{"line":70,"column":1}},"17":{"start":{"line":59,"column":2},"end":{"line":69,"column":3}},"18":{"start":{"line":60,"column":19},"end":{"line":60,"column":93}},"19":{"start":{"line":61,"column":29},"end":{"line":61,"column":35}},"20":{"start":{"line":62,"column":4},"end":{"line":66,"column":5}},"21":{"start":{"line":63,"column":6},"end":{"line":63,"column":66}},"22":{"start":{"line":65,"column":6},"end":{"line":65,"column":64}},"23":{"start":{"line":68,"column":4},"end":{"line":68,"column":38}},"24":{"start":{"line":80,"column":27},"end":{"line":89,"column":1}},"25":{"start":{"line":81,"column":14},"end":{"line":81,"column":19}},"26":{"start":{"line":83,"column":2},"end":{"line":87,"column":5}},"27":{"start":{"line":84,"column":4},"end":{"line":86,"column":5}},"28":{"start":{"line":85,"column":6},"end":{"line":85,"column":19}},"29":{"start":{"line":88,"column":2},"end":{"line":88,"column":15}},"30":{"start":{"line":92,"column":17},"end":{"line":102,"column":1}},"31":{"start":{"line":114,"column":32},"end":{"line":117,"column":1}},"32":{"start":{"line":115,"column":17},"end":{"line":115,"column":65}},"33":{"start":{"line":116,"column":2},"end":{"line":116,"column":27}},"34":{"start":{"line":124,"column":34},"end":{"line":136,"column":1}},"35":{"start":{"line":125,"column":2},"end":{"line":135,"column":3}},"36":{"start":{"line":126,"column":19},"end":{"line":126,"column":88}},"37":{"start":{"line":127,"column":29},"end":{"line":127,"column":35}},"38":{"start":{"line":128,"column":4},"end":{"line":132,"column":5}},"39":{"start":{"line":129,"column":6},"end":{"line":129,"column":60}},"40":{"start":{"line":131,"column":6},"end":{"line":131,"column":58}},"41":{"start":{"line":134,"column":4},"end":{"line":134,"column":38}},"42":{"start":{"line":139,"column":0},"end":{"line":150,"column":2}}},"fnMap":{"0":{"name":"(anonymous_0)","decl":{"start":{"line":2,"column":38},"end":{"line":2,"column":39}},"loc":{"start":{"line":2,"column":62},"end":{"line":5,"column":1}},"line":2},"1":{"name":"(anonymous_1)","decl":{"start":{"line":7,"column":40},"end":{"line":7,"column":41}},"loc":{"start":{"line":7,"column":64},"end":{"line":19,"column":1}},"line":7},"2":{"name":"(anonymous_2)","decl":{"start":{"line":48,"column":37},"end":{"line":48,"column":38}},"loc":{"start":{"line":48,"column":61},"end":{"line":51,"column":1}},"line":48},"3":{"name":"(anonymous_3)","decl":{"start":{"line":58,"column":39},"end":{"line":58,"column":40}},"loc":{"start":{"line":58,"column":67},"end":{"line":70,"column":1}},"line":58},"4":{"name":"(anonymous_4)","decl":{"start":{"line":80,"column":27},"end":{"line":80,"column":28}},"loc":{"start":{"line":80,"column":41},"end":{"line":89,"column":1}},"line":80},"5":{"name":"(anonymous_5)","decl":{"start":{"line":83,"column":10},"end":{"line":83,"column":11}},"loc":{"start":{"line":83,"column":17},"end":{"line":87,"column":3}},"line":83},"6":{"name":"(anonymous_6)","decl":{"start":{"line":114,"column":32},"end":{"line":114,"column":33}},"loc":{"start":{"line":114,"column":56},"end":{"line":117,"column":1}},"line":114},"7":{"name":"(anonymous_7)","decl":{"start":{"line":124,"column":34},"end":{"line":124,"column":35}},"loc":{"start":{"line":124,"column":62},"end":{"line":136,"column":1}},"line":124}},"branchMap":{"0":{"loc":{"start":{"line":11,"column":4},"end":{"line":15,"column":5}},"type":"if","locations":[{"start":{"line":11,"column":4},"end":{"line":15,"column":5}},{"start":{"line":13,"column":11},"end":{"line":15,"column":5}}],"line":11},"1":{"loc":{"start":{"line":62,"column":4},"end":{"line":66,"column":5}},"type":"if","locations":[{"start":{"line":62,"column":4},"end":{"line":66,"column":5}},{"start":{"line":64,"column":11},"end":{"line":66,"column":5}}],"line":62},"2":{"loc":{"start":{"line":84,"column":4},"end":{"line":86,"column":5}},"type":"if","locations":[{"start":{"line":84,"column":4},"end":{"line":86,"column":5}},{"start":{},"end":{}}],"line":84},"3":{"loc":{"start":{"line":128,"column":4},"end":{"line":132,"column":5}},"type":"if","locations":[{"start":{"line":128,"column":4},"end":{"line":132,"column":5}},{"start":{"line":130,"column":11},"end":{"line":132,"column":5}}],"line":128}},"s":{"0":3,"1":0,"2":0,"3":3,"4":2,"5":2,"6":0,"7":0,"8":0,"9":0,"10":2,"11":3,"12":3,"13":3,"14":1,"15":1,"16":3,"17":2,"18":2,"19":2,"20":2,"21":1,"22":1,"23":0,"24":3,"25":0,"26":0,"27":0,"28":0,"29":0,"30":3,"31":3,"32":1,"33":1,"34":3,"35":2,"36":2,"37":2,"38":2,"39":0,"40":2,"41":0,"42":3},"f":{"0":0,"1":2,"2":1,"3":2,"4":0,"5":0,"6":1,"7":2},"b":{"0":[0,0],"1":[1,1],"2":[0,0],"3":[0,2]},"_coverageSchema":"1a1c01bbd47fc00a2c39e90264f33305004495a9","hash":"f3024d72a566362ab7376d9933d7d43742c7a8de"}
,"/Users/maggieschwierking/Desktop/project-spotify-penn/backend/utils/toggleLikeUtil.js": {"path":"/Users/maggieschwierking/Desktop/project-spotify-penn/backend/utils/toggleLikeUtil.js","statementMap":{"0":{"start":{"line":1,"column":18},"end":{"line":1,"column":38}},"1":{"start":{"line":3,"column":25},"end":{"line":21,"column":1}},"2":{"start":{"line":4,"column":13},"end":{"line":4,"column":26}},"3":{"start":{"line":5,"column":14},"end":{"line":5,"column":68}},"4":{"start":{"line":7,"column":2},"end":{"line":9,"column":3}},"5":{"start":{"line":8,"column":4},"end":{"line":8,"column":21}},"6":{"start":{"line":12,"column":2},"end":{"line":15,"column":3}},"7":{"start":{"line":13,"column":4},"end":{"line":13,"column":97}},"8":{"start":{"line":14,"column":4},"end":{"line":14,"column":27}},"9":{"start":{"line":15,"column":4},"end":{"line":18,"column":3}},"10":{"start":{"line":16,"column":4},"end":{"line":16,"column":96}},"11":{"start":{"line":17,"column":4},"end":{"line":17,"column":28}},"12":{"start":{"line":19,"column":2},"end":{"line":19,"column":94}},"13":{"start":{"line":20,"column":2},"end":{"line":20,"column":25}},"14":{"start":{"line":23,"column":24},"end":{"line":23,"column":92}},"15":{"start":{"line":23,"column":42},"end":{"line":23,"column":91}},"16":{"start":{"line":25,"column":30},"end":{"line":30,"column":1}},"17":{"start":{"line":26,"column":13},"end":{"line":26,"column":26}},"18":{"start":{"line":27,"column":14},"end":{"line":27,"column":68}},"19":{"start":{"line":29,"column":2},"end":{"line":29,"column":40}},"20":{"start":{"line":32,"column":0},"end":{"line":32,"column":78}}},"fnMap":{"0":{"name":"(anonymous_0)","decl":{"start":{"line":3,"column":25},"end":{"line":3,"column":26}},"loc":{"start":{"line":3,"column":62},"end":{"line":21,"column":1}},"line":3},"1":{"name":"(anonymous_1)","decl":{"start":{"line":23,"column":24},"end":{"line":23,"column":25}},"loc":{"start":{"line":23,"column":42},"end":{"line":23,"column":91}},"line":23},"2":{"name":"(anonymous_2)","decl":{"start":{"line":25,"column":30},"end":{"line":25,"column":31}},"loc":{"start":{"line":25,"column":67},"end":{"line":30,"column":1}},"line":25}},"branchMap":{"0":{"loc":{"start":{"line":7,"column":2},"end":{"line":9,"column":3}},"type":"if","locations":[{"start":{"line":7,"column":2},"end":{"line":9,"column":3}},{"start":{},"end":{}}],"line":7},"1":{"loc":{"start":{"line":12,"column":2},"end":{"line":15,"column":3}},"type":"if","locations":[{"start":{"line":12,"column":2},"end":{"line":15,"column":3}},{"start":{},"end":{}}],"line":12},"2":{"loc":{"start":{"line":15,"column":4},"end":{"line":18,"column":3}},"type":"if","locations":[{"start":{"line":15,"column":4},"end":{"line":18,"column":3}},{"start":{},"end":{}}],"line":15},"3":{"loc":{"start":{"line":23,"column":42},"end":{"line":23,"column":91}},"type":"binary-expr","locations":[{"start":{"line":23,"column":42},"end":{"line":23,"column":56}},{"start":{"line":23,"column":60},"end":{"line":23,"column":91}}],"line":23}},"s":{"0":3,"1":3,"2":0,"3":0,"4":0,"5":0,"6":0,"7":0,"8":0,"9":0,"10":0,"11":0,"12":0,"13":0,"14":3,"15":67,"16":3,"17":0,"18":0,"19":0,"20":3},"f":{"0":0,"1":67,"2":0},"b":{"0":[0,0],"1":[0,0],"2":[0,0],"3":[67,2]},"_coverageSchema":"1a1c01bbd47fc00a2c39e90264f33305004495a9","hash":"fe7f77a0bc3d9a50b83c2321fed1647870f2a20f"}
}
