{"/Users/maggieschwierking/Desktop/project-spotify-penn/backend/dbOperations.js": {"path":"/Users/maggieschwierking/Desktop/project-spotify-penn/backend/dbOperations.js","statementMap":{"0":{"start":{"line":5,"column":24},"end":{"line":5,"column":42}},"1":{"start":{"line":7,"column":12},"end":{"line":7,"column":80}},"2":{"start":{"line":9,"column":20},"end":{"line":9,"column":40}},"3":{"start":{"line":11,"column":16},"end":{"line":23,"column":1}},"4":{"start":{"line":12,"column":2},"end":{"line":22,"column":3}},"5":{"start":{"line":13,"column":4},"end":{"line":16,"column":6}},"6":{"start":{"line":17,"column":4},"end":{"line":17,"column":70}},"7":{"start":{"line":18,"column":4},"end":{"line":18,"column":27}},"8":{"start":{"line":20,"column":4},"end":{"line":20,"column":21}},"9":{"start":{"line":21,"column":4},"end":{"line":21,"column":15}},"10":{"start":{"line":25,"column":14},"end":{"line":27,"column":1}},"11":{"start":{"line":26,"column":2},"end":{"line":26,"column":32}},"12":{"start":{"line":31,"column":14},"end":{"line":37,"column":1}},"13":{"start":{"line":33,"column":2},"end":{"line":35,"column":3}},"14":{"start":{"line":34,"column":4},"end":{"line":34,"column":20}},"15":{"start":{"line":36,"column":2},"end":{"line":36,"column":39}},"16":{"start":{"line":39,"column":0},"end":{"line":43,"column":2}}},"fnMap":{"0":{"name":"(anonymous_0)","decl":{"start":{"line":11,"column":16},"end":{"line":11,"column":17}},"loc":{"start":{"line":11,"column":28},"end":{"line":23,"column":1}},"line":11},"1":{"name":"(anonymous_1)","decl":{"start":{"line":25,"column":14},"end":{"line":25,"column":15}},"loc":{"start":{"line":25,"column":26},"end":{"line":27,"column":1}},"line":25},"2":{"name":"(anonymous_2)","decl":{"start":{"line":31,"column":14},"end":{"line":31,"column":15}},"loc":{"start":{"line":31,"column":26},"end":{"line":37,"column":1}},"line":31}},"branchMap":{"0":{"loc":{"start":{"line":33,"column":2},"end":{"line":35,"column":3}},"type":"if","locations":[{"start":{"line":33,"column":2},"end":{"line":35,"column":3}},{"start":{},"end":{}}],"line":33}},"s":{"0":1,"1":1,"2":1,"3":1,"4":2,"5":2,"6":2,"7":2,"8":0,"9":0,"10":1,"11":2,"12":1,"13":0,"14":0,"15":0,"16":1},"f":{"0":2,"1":2,"2":0},"b":{"0":[0,0]},"_coverageSchema":"1a1c01bbd47fc00a2c39e90264f33305004495a9","hash":"83ac26212666a38f9f2d988e065204d565c78ddb"}
,"/Users/maggieschwierking/Desktop/project-spotify-penn/backend/server.js": {"path":"/Users/maggieschwierking/Desktop/project-spotify-penn/backend/server.js","statementMap":{"0":{"start":{"line":1,"column":16},"end":{"line":1,"column":34}},"1":{"start":{"line":2,"column":16},"end":{"line":2,"column":35}},"2":{"start":{"line":5,"column":13},"end":{"line":5,"column":28}},"3":{"start":{"line":8,"column":15},"end":{"line":8,"column":24}},"4":{"start":{"line":11,"column":0},"end":{"line":11,"column":19}},"5":{"start":{"line":14,"column":0},"end":{"line":14,"column":51}},"6":{"start":{"line":17,"column":11},"end":{"line":17,"column":36}},"7":{"start":{"line":20,"column":0},"end":{"line":22,"column":3}},"8":{"start":{"line":21,"column":2},"end":{"line":21,"column":51}},"9":{"start":{"line":24,"column":0},"end":{"line":31,"column":3}},"10":{"start":{"line":25,"column":2},"end":{"line":30,"column":3}},"11":{"start":{"line":26,"column":21},"end":{"line":26,"column":40}},"12":{"start":{"line":27,"column":4},"end":{"line":27,"column":46}},"13":{"start":{"line":29,"column":4},"end":{"line":29,"column":61}},"14":{"start":{"line":33,"column":0},"end":{"line":41,"column":3}},"15":{"start":{"line":34,"column":2},"end":{"line":40,"column":3}},"16":{"start":{"line":35,"column":21},"end":{"line":35,"column":29}},"17":{"start":{"line":36,"column":19},"end":{"line":36,"column":42}},"18":{"start":{"line":37,"column":4},"end":{"line":37,"column":79}},"19":{"start":{"line":39,"column":4},"end":{"line":39,"column":71}},"20":{"start":{"line":43,"column":0},"end":{"line":54,"column":3}},"21":{"start":{"line":44,"column":2},"end":{"line":53,"column":3}},"22":{"start":{"line":45,"column":20},"end":{"line":45,"column":45}},"23":{"start":{"line":46,"column":4},"end":{"line":49,"column":5}},"24":{"start":{"line":47,"column":6},"end":{"line":47,"column":61}},"25":{"start":{"line":48,"column":6},"end":{"line":48,"column":13}},"26":{"start":{"line":50,"column":4},"end":{"line":50,"column":44}},"27":{"start":{"line":52,"column":4},"end":{"line":52,"column":72}},"28":{"start":{"line":56,"column":0},"end":{"line":73,"column":3}},"29":{"start":{"line":57,"column":2},"end":{"line":72,"column":3}},"30":{"start":{"line":58,"column":19},"end":{"line":58,"column":37}},"31":{"start":{"line":59,"column":20},"end":{"line":59,"column":49}},"32":{"start":{"line":60,"column":52},"end":{"line":60,"column":59}},"33":{"start":{"line":61,"column":25},"end":{"line":66,"column":5}},"34":{"start":{"line":67,"column":19},"end":{"line":67,"column":54}},"35":{"start":{"line":68,"column":4},"end":{"line":68,"column":47}},"36":{"start":{"line":71,"column":4},"end":{"line":71,"column":58}},"37":{"start":{"line":75,"column":0},"end":{"line":86,"column":3}},"38":{"start":{"line":76,"column":2},"end":{"line":85,"column":3}},"39":{"start":{"line":77,"column":20},"end":{"line":77,"column":51}},"40":{"start":{"line":78,"column":4},"end":{"line":81,"column":5}},"41":{"start":{"line":79,"column":6},"end":{"line":79,"column":54}},"42":{"start":{"line":80,"column":6},"end":{"line":80,"column":12}},"43":{"start":{"line":82,"column":4},"end":{"line":82,"column":44}},"44":{"start":{"line":84,"column":4},"end":{"line":84,"column":58}},"45":{"start":{"line":88,"column":0},"end":{"line":102,"column":3}},"46":{"start":{"line":89,"column":44},"end":{"line":89,"column":52}},"47":{"start":{"line":91,"column":2},"end":{"line":94,"column":3}},"48":{"start":{"line":92,"column":4},"end":{"line":92,"column":52}},"49":{"start":{"line":93,"column":4},"end":{"line":93,"column":11}},"50":{"start":{"line":96,"column":2},"end":{"line":101,"column":3}},"51":{"start":{"line":97,"column":20},"end":{"line":97,"column":77}},"52":{"start":{"line":98,"column":4},"end":{"line":98,"column":80}},"53":{"start":{"line":100,"column":4},"end":{"line":100,"column":57}},"54":{"start":{"line":104,"column":0},"end":{"line":104,"column":24}}},"fnMap":{"0":{"name":"(anonymous_0)","decl":{"start":{"line":20,"column":16},"end":{"line":20,"column":17}},"loc":{"start":{"line":20,"column":31},"end":{"line":22,"column":1}},"line":20},"1":{"name":"(anonymous_1)","decl":{"start":{"line":24,"column":21},"end":{"line":24,"column":22}},"loc":{"start":{"line":24,"column":42},"end":{"line":31,"column":1}},"line":24},"2":{"name":"(anonymous_2)","decl":{"start":{"line":33,"column":22},"end":{"line":33,"column":23}},"loc":{"start":{"line":33,"column":42},"end":{"line":41,"column":1}},"line":33},"3":{"name":"(anonymous_3)","decl":{"start":{"line":43,"column":27},"end":{"line":43,"column":28}},"loc":{"start":{"line":43,"column":47},"end":{"line":54,"column":1}},"line":43},"4":{"name":"(anonymous_4)","decl":{"start":{"line":56,"column":28},"end":{"line":56,"column":29}},"loc":{"start":{"line":56,"column":48},"end":{"line":73,"column":1}},"line":56},"5":{"name":"(anonymous_5)","decl":{"start":{"line":75,"column":26},"end":{"line":75,"column":27}},"loc":{"start":{"line":75,"column":45},"end":{"line":86,"column":1}},"line":75},"6":{"name":"(anonymous_6)","decl":{"start":{"line":88,"column":27},"end":{"line":88,"column":28}},"loc":{"start":{"line":88,"column":47},"end":{"line":102,"column":1}},"line":88}},"branchMap":{"0":{"loc":{"start":{"line":46,"column":4},"end":{"line":49,"column":5}},"type":"if","locations":[{"start":{"line":46,"column":4},"end":{"line":49,"column":5}},{"start":{},"end":{}}],"line":46},"1":{"loc":{"start":{"line":78,"column":4},"end":{"line":81,"column":5}},"type":"if","locations":[{"start":{"line":78,"column":4},"end":{"line":81,"column":5}},{"start":{},"end":{}}],"line":78},"2":{"loc":{"start":{"line":91,"column":2},"end":{"line":94,"column":3}},"type":"if","locations":[{"start":{"line":91,"column":2},"end":{"line":94,"column":3}},{"start":{},"end":{}}],"line":91},"3":{"loc":{"start":{"line":91,"column":6},"end":{"line":91,"column":48}},"type":"binary-expr","locations":[{"start":{"line":91,"column":6},"end":{"line":91,"column":9}},{"start":{"line":91,"column":13},"end":{"line":91,"column":18}},{"start":{"line":91,"column":22},"end":{"line":91,"column":26}},{"start":{"line":91,"column":30},"end":{"line":91,"column":39}},{"start":{"line":91,"column":43},"end":{"line":91,"column":48}}],"line":91}},"s":{"0":1,"1":1,"2":1,"3":1,"4":1,"5":1,"6":1,"7":1,"8":0,"9":1,"10":0,"11":0,"12":0,"13":0,"14":1,"15":0,"16":0,"17":0,"18":0,"19":0,"20":1,"21":0,"22":0,"23":0,"24":0,"25":0,"26":0,"27":0,"28":1,"29":0,"30":0,"31":0,"32":0,"33":0,"34":0,"35":0,"36":0,"37":1,"38":0,"39":0,"40":0,"41":0,"42":0,"43":0,"44":0,"45":1,"46":0,"47":0,"48":0,"49":0,"50":0,"51":0,"52":0,"53":0,"54":1},"f":{"0":0,"1":0,"2":0,"3":0,"4":0,"5":0,"6":0},"b":{"0":[0,0],"1":[0,0],"2":[0,0],"3":[0,0,0,0,0]},"_coverageSchema":"1a1c01bbd47fc00a2c39e90264f33305004495a9","hash":"e3ee31480836486064eb847c0baefe6410dab31e"}
,"/Users/maggieschwierking/Desktop/project-spotify-penn/backend/model/newArtist.js": {"path":"/Users/maggieschwierking/Desktop/project-spotify-penn/backend/model/newArtist.js","statementMap":{"0":{"start":{"line":1,"column":24},"end":{"line":1,"column":42}},"1":{"start":{"line":3,"column":12},"end":{"line":3,"column":89}},"2":{"start":{"line":5,"column":20},"end":{"line":5,"column":40}},"3":{"start":{"line":7,"column":16},"end":{"line":19,"column":1}},"4":{"start":{"line":8,"column":2},"end":{"line":18,"column":3}},"5":{"start":{"line":9,"column":4},"end":{"line":12,"column":6}},"6":{"start":{"line":13,"column":4},"end":{"line":13,"column":70}},"7":{"start":{"line":14,"column":4},"end":{"line":14,"column":27}},"8":{"start":{"line":16,"column":4},"end":{"line":16,"column":21}},"9":{"start":{"line":17,"column":4},"end":{"line":17,"column":15}},"10":{"start":{"line":22,"column":14},"end":{"line":28,"column":1}},"11":{"start":{"line":24,"column":2},"end":{"line":26,"column":3}},"12":{"start":{"line":25,"column":4},"end":{"line":25,"column":20}},"13":{"start":{"line":27,"column":2},"end":{"line":27,"column":39}},"14":{"start":{"line":32,"column":15},"end":{"line":32,"column":28}},"15":{"start":{"line":33,"column":19},"end":{"line":40,"column":6}},"16":{"start":{"line":41,"column":4},"end":{"line":41,"column":59}},"17":{"start":{"line":42,"column":4},"end":{"line":42,"column":29}},"18":{"start":{"line":47,"column":4},"end":{"line":56,"column":7}},"19":{"start":{"line":49,"column":19},"end":{"line":49,"column":32}},"20":{"start":{"line":50,"column":23},"end":{"line":50,"column":56}},"21":{"start":{"line":52,"column":8},"end":{"line":52,"column":84}},"22":{"start":{"line":53,"column":8},"end":{"line":53,"column":22}},"23":{"start":{"line":55,"column":8},"end":{"line":55,"column":45}},"24":{"start":{"line":60,"column":0},"end":{"line":63,"column":2}}},"fnMap":{"0":{"name":"(anonymous_0)","decl":{"start":{"line":7,"column":16},"end":{"line":7,"column":17}},"loc":{"start":{"line":7,"column":28},"end":{"line":19,"column":1}},"line":7},"1":{"name":"(anonymous_1)","decl":{"start":{"line":22,"column":14},"end":{"line":22,"column":15}},"loc":{"start":{"line":22,"column":26},"end":{"line":28,"column":1}},"line":22},"2":{"name":"addNewArtistPlaylist","decl":{"start":{"line":31,"column":15},"end":{"line":31,"column":35}},"loc":{"start":{"line":31,"column":67},"end":{"line":43,"column":1}},"line":31},"3":{"name":"getAllNewArtistPlaylist","decl":{"start":{"line":46,"column":15},"end":{"line":46,"column":38}},"loc":{"start":{"line":46,"column":41},"end":{"line":57,"column":1}},"line":46}},"branchMap":{"0":{"loc":{"start":{"line":24,"column":2},"end":{"line":26,"column":3}},"type":"if","locations":[{"start":{"line":24,"column":2},"end":{"line":26,"column":3}},{"start":{},"end":{}}],"line":24}},"s":{"0":1,"1":1,"2":1,"3":1,"4":1,"5":1,"6":1,"7":1,"8":0,"9":0,"10":1,"11":2,"12":1,"13":2,"14":1,"15":1,"16":1,"17":1,"18":1,"19":1,"20":1,"21":1,"22":1,"23":0,"24":1},"f":{"0":1,"1":2,"2":1,"3":1},"b":{"0":[1,1]},"_coverageSchema":"1a1c01bbd47fc00a2c39e90264f33305004495a9","hash":"7dc3f9e3773037ba13fa973e81f25a080bbd012c"}
,"/Users/maggieschwierking/Desktop/project-spotify-penn/backend/model/users.js": {"path":"/Users/maggieschwierking/Desktop/project-spotify-penn/backend/model/users.js","statementMap":{"0":{"start":{"line":6,"column":24},"end":{"line":6,"column":42}},"1":{"start":{"line":8,"column":12},"end":{"line":8,"column":89}},"2":{"start":{"line":12,"column":16},"end":{"line":21,"column":1}},"3":{"start":{"line":13,"column":2},"end":{"line":20,"column":3}},"4":{"start":{"line":14,"column":28},"end":{"line":14,"column":111}},"5":{"start":{"line":15,"column":4},"end":{"line":15,"column":70}},"6":{"start":{"line":16,"column":4},"end":{"line":16,"column":27}},"7":{"start":{"line":18,"column":4},"end":{"line":18,"column":21}},"8":{"start":{"line":19,"column":4},"end":{"line":19,"column":15}},"9":{"start":{"line":24,"column":14},"end":{"line":26,"column":1}},"10":{"start":{"line":25,"column":2},"end":{"line":25,"column":32}},"11":{"start":{"line":30,"column":14},"end":{"line":36,"column":1}},"12":{"start":{"line":32,"column":2},"end":{"line":34,"column":3}},"13":{"start":{"line":33,"column":4},"end":{"line":33,"column":20}},"14":{"start":{"line":35,"column":2},"end":{"line":35,"column":39}},"15":{"start":{"line":39,"column":20},"end":{"line":44,"column":1}},"16":{"start":{"line":40,"column":13},"end":{"line":40,"column":26}},"17":{"start":{"line":41,"column":16},"end":{"line":41,"column":63}},"18":{"start":{"line":42,"column":2},"end":{"line":42,"column":46}},"19":{"start":{"line":43,"column":2},"end":{"line":43,"column":15}},"20":{"start":{"line":46,"column":16},"end":{"line":51,"column":1}},"21":{"start":{"line":48,"column":13},"end":{"line":48,"column":26}},"22":{"start":{"line":49,"column":17},"end":{"line":49,"column":67}},"23":{"start":{"line":50,"column":2},"end":{"line":50,"column":27}},"24":{"start":{"line":53,"column":0},"end":{"line":58,"column":2}}},"fnMap":{"0":{"name":"(anonymous_0)","decl":{"start":{"line":12,"column":16},"end":{"line":12,"column":17}},"loc":{"start":{"line":12,"column":28},"end":{"line":21,"column":1}},"line":12},"1":{"name":"(anonymous_1)","decl":{"start":{"line":24,"column":14},"end":{"line":24,"column":15}},"loc":{"start":{"line":24,"column":26},"end":{"line":26,"column":1}},"line":24},"2":{"name":"(anonymous_2)","decl":{"start":{"line":30,"column":14},"end":{"line":30,"column":15}},"loc":{"start":{"line":30,"column":26},"end":{"line":36,"column":1}},"line":30},"3":{"name":"(anonymous_3)","decl":{"start":{"line":39,"column":20},"end":{"line":39,"column":21}},"loc":{"start":{"line":39,"column":32},"end":{"line":44,"column":1}},"line":39},"4":{"name":"(anonymous_4)","decl":{"start":{"line":46,"column":16},"end":{"line":46,"column":17}},"loc":{"start":{"line":46,"column":35},"end":{"line":51,"column":1}},"line":46}},"branchMap":{"0":{"loc":{"start":{"line":32,"column":2},"end":{"line":34,"column":3}},"type":"if","locations":[{"start":{"line":32,"column":2},"end":{"line":34,"column":3}},{"start":{},"end":{}}],"line":32}},"s":{"0":1,"1":1,"2":1,"3":3,"4":3,"5":0,"6":0,"7":3,"8":3,"9":1,"10":1,"11":1,"12":1,"13":1,"14":1,"15":1,"16":0,"17":0,"18":0,"19":0,"20":1,"21":1,"22":0,"23":0,"24":1},"f":{"0":3,"1":1,"2":1,"3":0,"4":1},"b":{"0":[1,0]},"_coverageSchema":"1a1c01bbd47fc00a2c39e90264f33305004495a9","hash":"6a83b791a75c2471737346727f1a9d36b7a0a79f"}
,"/Users/maggieschwierking/Desktop/project-spotify-penn/backend/tests/testUtils.js": {"path":"/Users/maggieschwierking/Desktop/project-spotify-penn/backend/tests/testUtils.js","statementMap":{"0":{"start":{"line":1,"column":38},"end":{"line":4,"column":1}},"1":{"start":{"line":2,"column":17},"end":{"line":2,"column":71}},"2":{"start":{"line":3,"column":2},"end":{"line":3,"column":27}},"3":{"start":{"line":6,"column":40},"end":{"line":18,"column":1}},"4":{"start":{"line":7,"column":2},"end":{"line":17,"column":5}},"5":{"start":{"line":8,"column":19},"end":{"line":8,"column":84}},"6":{"start":{"line":9,"column":29},"end":{"line":9,"column":35}},"7":{"start":{"line":10,"column":4},"end":{"line":14,"column":5}},"8":{"start":{"line":11,"column":6},"end":{"line":11,"column":63}},"9":{"start":{"line":13,"column":6},"end":{"line":13,"column":61}},"10":{"start":{"line":16,"column":6},"end":{"line":16,"column":40}},"11":{"start":{"line":22,"column":22},"end":{"line":27,"column":1}},"12":{"start":{"line":29,"column":18},"end":{"line":37,"column":1}},"13":{"start":{"line":30,"column":12},"end":{"line":30,"column":17}},"14":{"start":{"line":31,"column":0},"end":{"line":35,"column":3}},"15":{"start":{"line":32,"column":2},"end":{"line":34,"column":3}},"16":{"start":{"line":33,"column":4},"end":{"line":33,"column":17}},"17":{"start":{"line":36,"column":0},"end":{"line":36,"column":13}},"18":{"start":{"line":41,"column":0},"end":{"line":46,"column":2}}},"fnMap":{"0":{"name":"(anonymous_0)","decl":{"start":{"line":1,"column":38},"end":{"line":1,"column":39}},"loc":{"start":{"line":1,"column":62},"end":{"line":4,"column":1}},"line":1},"1":{"name":"(anonymous_1)","decl":{"start":{"line":6,"column":40},"end":{"line":6,"column":41}},"loc":{"start":{"line":6,"column":64},"end":{"line":18,"column":1}},"line":6},"2":{"name":"(anonymous_2)","decl":{"start":{"line":29,"column":18},"end":{"line":29,"column":19}},"loc":{"start":{"line":29,"column":31},"end":{"line":37,"column":1}},"line":29},"3":{"name":"(anonymous_3)","decl":{"start":{"line":31,"column":8},"end":{"line":31,"column":9}},"loc":{"start":{"line":31,"column":14},"end":{"line":35,"column":1}},"line":31}},"branchMap":{"0":{"loc":{"start":{"line":10,"column":4},"end":{"line":14,"column":5}},"type":"if","locations":[{"start":{"line":10,"column":4},"end":{"line":14,"column":5}},{"start":{"line":12,"column":11},"end":{"line":14,"column":5}}],"line":10},"1":{"loc":{"start":{"line":32,"column":2},"end":{"line":34,"column":3}},"type":"if","locations":[{"start":{"line":32,"column":2},"end":{"line":34,"column":3}},{"start":{},"end":{}}],"line":32}},"s":{"0":1,"1":1,"2":0,"3":1,"4":2,"5":2,"6":2,"7":2,"8":0,"9":2,"10":0,"11":1,"12":1,"13":0,"14":0,"15":0,"16":0,"17":0,"18":1},"f":{"0":1,"1":2,"2":0,"3":0},"b":{"0":[0,2],"1":[0,0]},"_coverageSchema":"1a1c01bbd47fc00a2c39e90264f33305004495a9","hash":"23b5848c894e10d15454dff04bdc7bc14475cf5e"}
}
