TN:
SF:s3Operations.js
FN:18,(anonymous_0)
FN:36,(anonymous_1)
FN:44,(anonymous_2)
FN:59,(anonymous_3)
FN:67,(anonymous_4)
FNF:5
FNH:0
FNDA:0,(anonymous_0)
FNDA:0,(anonymous_1)
FNDA:0,(anonymous_2)
FNDA:0,(anonymous_3)
FNDA:0,(anonymous_4)
DA:1,3
DA:4,3
DA:6,3
DA:9,3
DA:12,3
DA:18,3
DA:19,0
DA:20,0
DA:23,0
DA:28,0
DA:29,0
DA:30,0
DA:36,3
DA:38,0
DA:44,0
DA:45,0
DA:46,0
DA:48,0
DA:50,0
DA:51,0
DA:52,0
DA:54,0
DA:59,3
DA:61,0
DA:67,0
DA:68,0
DA:70,0
DA:72,0
DA:73,0
DA:77,3
LF:30
LH:9
BRDA:45,0,0,0
BRDA:45,0,1,0
BRDA:68,1,0,0
BRDA:68,1,1,0
BRF:4
BRH:0
end_of_record
TN:
SF:server.js
FN:37,(anonymous_0)
FN:41,(anonymous_1)
FN:52,(anonymous_2)
FN:62,(anonymous_3)
FN:75,(anonymous_4)
FN:87,(anonymous_5)
FN:105,(anonymous_6)
FN:118,(anonymous_7)
FN:122,(anonymous_8)
FN:138,(anonymous_9)
FN:143,(anonymous_10)
FN:165,(anonymous_11)
FN:179,(anonymous_12)
FN:204,(anonymous_13)
FN:222,(anonymous_14)
FN:238,(anonymous_15)
FN:256,(anonymous_16)
FN:271,(anonymous_17)
FN:287,(anonymous_18)
FN:302,(anonymous_19)
FN:319,(anonymous_20)
FN:336,(anonymous_21)
FN:352,(anonymous_22)
FN:369,(anonymous_23)
FN:385,(anonymous_24)
FN:401,(anonymous_25)
FN:417,(anonymous_26)
FN:432,(anonymous_27)
FN:446,(anonymous_28)
FN:466,(anonymous_29)
FN:492,(anonymous_30)
FNF:31
FNH:4
FNDA:0,(anonymous_0)
FNDA:0,(anonymous_1)
FNDA:1,(anonymous_2)
FNDA:0,(anonymous_3)
FNDA:0,(anonymous_4)
FNDA:0,(anonymous_5)
FNDA:0,(anonymous_6)
FNDA:0,(anonymous_7)
FNDA:0,(anonymous_8)
FNDA:0,(anonymous_9)
FNDA:0,(anonymous_10)
FNDA:2,(anonymous_11)
FNDA:2,(anonymous_12)
FNDA:0,(anonymous_13)
FNDA:0,(anonymous_14)
FNDA:0,(anonymous_15)
FNDA:0,(anonymous_16)
FNDA:1,(anonymous_17)
FNDA:0,(anonymous_18)
FNDA:0,(anonymous_19)
FNDA:0,(anonymous_20)
FNDA:0,(anonymous_21)
FNDA:0,(anonymous_22)
FNDA:0,(anonymous_23)
FNDA:0,(anonymous_24)
FNDA:0,(anonymous_25)
FNDA:0,(anonymous_26)
FNDA:0,(anonymous_27)
FNDA:0,(anonymous_28)
FNDA:0,(anonymous_29)
FNDA:0,(anonymous_30)
DA:3,3
DA:5,3
DA:7,3
DA:13,3
DA:14,3
DA:17,3
DA:20,3
DA:23,3
DA:26,3
DA:29,3
DA:30,3
DA:31,3
DA:32,3
DA:33,3
DA:34,3
DA:37,3
DA:38,0
DA:41,3
DA:42,0
DA:44,0
DA:45,0
DA:48,0
DA:52,3
DA:53,1
DA:54,1
DA:55,1
DA:56,1
DA:58,0
DA:62,3
DA:63,0
DA:64,0
DA:66,0
DA:67,0
DA:68,0
DA:69,0
DA:73,0
DA:74,0
DA:75,0
DA:76,0
DA:78,0
DA:79,0
DA:82,0
DA:83,0
DA:87,3
DA:88,0
DA:89,0
DA:90,0
DA:91,0
DA:94,0
DA:95,0
DA:96,0
DA:98,0
DA:100,0
DA:101,0
DA:105,3
DA:106,0
DA:107,0
DA:108,0
DA:109,0
DA:110,0
DA:112,0
DA:114,0
DA:118,3
DA:119,0
DA:120,0
DA:121,0
DA:122,0
DA:123,0
DA:124,0
DA:126,0
DA:127,0
DA:128,0
DA:130,0
DA:132,0
DA:133,0
DA:136,0
DA:138,0
DA:140,0
DA:143,0
DA:145,0
DA:146,0
DA:147,0
DA:149,0
DA:156,0
DA:157,0
DA:161,0
DA:165,3
DA:166,2
DA:167,2
DA:168,2
DA:169,2
DA:170,0
DA:171,0
DA:173,2
DA:175,0
DA:179,3
DA:180,2
DA:183,2
DA:185,2
DA:186,1
DA:187,1
DA:190,1
DA:191,1
DA:198,1
DA:200,0
DA:204,3
DA:205,0
DA:206,0
DA:207,0
DA:211,0
DA:212,0
DA:213,0
DA:215,0
DA:217,0
DA:218,0
DA:222,3
DA:223,0
DA:224,0
DA:226,0
DA:227,0
DA:228,0
DA:229,0
DA:232,0
DA:234,0
DA:238,3
DA:241,0
DA:243,0
DA:244,0
DA:245,0
DA:248,0
DA:249,0
DA:250,0
DA:252,0
DA:256,3
DA:257,0
DA:258,0
DA:259,0
DA:260,0
DA:261,0
DA:262,0
DA:264,0
DA:266,0
DA:267,0
DA:271,3
DA:272,1
DA:274,1
DA:275,1
DA:276,0
DA:278,1
DA:281,0
DA:283,0
DA:287,3
DA:288,0
DA:289,0
DA:290,0
DA:291,0
DA:293,0
DA:296,0
DA:298,0
DA:302,3
DA:303,0
DA:304,0
DA:305,0
DA:306,0
DA:307,0
DA:308,0
DA:310,0
DA:313,0
DA:315,0
DA:319,3
DA:320,0
DA:322,0
DA:323,0
DA:324,0
DA:325,0
DA:327,0
DA:330,0
DA:332,0
DA:336,3
DA:337,0
DA:339,0
DA:340,0
DA:341,0
DA:343,0
DA:346,0
DA:348,0
DA:352,3
DA:353,0
DA:354,0
DA:355,0
DA:356,0
DA:357,0
DA:358,0
DA:360,0
DA:363,0
DA:365,0
DA:369,3
DA:370,0
DA:372,0
DA:373,0
DA:374,0
DA:376,0
DA:379,0
DA:381,0
DA:385,3
DA:386,0
DA:387,0
DA:388,0
DA:389,0
DA:390,0
DA:392,0
DA:395,0
DA:397,0
DA:401,3
DA:402,0
DA:403,0
DA:404,0
DA:405,0
DA:406,0
DA:408,0
DA:411,0
DA:413,0
DA:417,3
DA:418,0
DA:419,0
DA:420,0
DA:421,0
DA:422,0
DA:423,0
DA:425,0
DA:428,0
DA:432,3
DA:433,0
DA:434,0
DA:435,0
DA:436,0
DA:437,0
DA:438,0
DA:440,0
DA:442,0
DA:446,3
DA:447,0
DA:450,0
DA:451,0
DA:453,0
DA:454,0
DA:455,0
DA:458,0
DA:459,0
DA:460,0
DA:462,0
DA:466,3
DA:467,0
DA:468,0
DA:469,0
DA:470,0
DA:471,0
DA:473,0
DA:475,0
DA:492,3
DA:493,0
DA:494,0
DA:495,0
DA:496,0
DA:497,0
DA:498,0
DA:500,0
DA:503,0
DA:507,3
LF:269
LH:64
BRDA:67,0,0,0
BRDA:67,0,1,0
BRDA:73,1,0,0
BRDA:73,1,1,0
BRDA:94,2,0,0
BRDA:94,2,1,0
BRDA:108,3,0,0
BRDA:108,3,1,0
BRDA:126,4,0,0
BRDA:126,4,1,0
BRDA:169,5,0,0
BRDA:169,5,1,2
BRDA:185,6,0,1
BRDA:185,6,1,1
BRDA:185,7,0,2
BRDA:185,7,1,2
BRDA:185,7,2,1
BRDA:185,7,3,1
BRDA:185,7,4,1
BRDA:211,8,0,0
BRDA:211,8,1,0
BRDA:227,9,0,0
BRDA:227,9,1,0
BRDA:243,10,0,0
BRDA:243,10,1,0
BRDA:243,11,0,0
BRDA:243,11,1,0
BRDA:243,11,2,0
BRDA:260,12,0,0
BRDA:260,12,1,0
BRDA:275,13,0,0
BRDA:275,13,1,1
BRDA:290,14,0,0
BRDA:290,14,1,0
BRDA:307,15,0,0
BRDA:307,15,1,0
BRDA:324,16,0,0
BRDA:324,16,1,0
BRDA:340,17,0,0
BRDA:340,17,1,0
BRDA:357,18,0,0
BRDA:357,18,1,0
BRDA:373,19,0,0
BRDA:373,19,1,0
BRDA:389,20,0,0
BRDA:389,20,1,0
BRDA:405,21,0,0
BRDA:405,21,1,0
BRDA:418,22,0,0
BRDA:418,22,1,0
BRDA:419,23,0,0
BRDA:419,23,1,0
BRDA:422,24,0,0
BRDA:422,24,1,0
BRDA:436,25,0,0
BRDA:436,25,1,0
BRDA:453,26,0,0
BRDA:453,26,1,0
BRDA:453,27,0,0
BRDA:453,27,1,0
BRDA:453,27,2,0
BRDA:469,28,0,0
BRDA:469,28,1,0
BRDA:493,29,0,0
BRDA:493,29,1,0
BRDA:494,30,0,0
BRDA:494,30,1,0
BRDA:497,31,0,0
BRDA:497,31,1,0
BRF:69
BRH:9
end_of_record
TN:
SF:model/chat.js
FN:8,(anonymous_0)
FN:18,(anonymous_1)
FN:24,(anonymous_2)
FN:32,(anonymous_3)
FN:38,(anonymous_4)
FN:44,(anonymous_5)
FN:51,(anonymous_6)
FNF:7
FNH:0
FNDA:0,(anonymous_0)
FNDA:0,(anonymous_1)
FNDA:0,(anonymous_2)
FNDA:0,(anonymous_3)
FNDA:0,(anonymous_4)
FNDA:0,(anonymous_5)
FNDA:0,(anonymous_6)
DA:1,3
DA:3,3
DA:6,3
DA:8,3
DA:9,0
DA:10,0
DA:11,0
DA:12,0
DA:14,0
DA:18,3
DA:19,0
DA:24,3
DA:26,0
DA:27,0
DA:29,0
DA:32,3
DA:33,0
DA:34,0
DA:35,0
DA:38,3
DA:39,0
DA:40,0
DA:41,0
DA:44,3
DA:45,0
DA:47,0
DA:48,0
DA:51,3
DA:52,0
DA:53,0
DA:57,0
DA:60,3
LF:32
LH:11
BRDA:26,0,0,0
BRDA:26,0,1,0
BRF:2
BRH:0
end_of_record
TN:
SF:model/communities.js
FN:7,(anonymous_0)
FN:19,(anonymous_1)
FN:29,(anonymous_2)
FN:36,(anonymous_3)
FNF:4
FNH:0
FNDA:0,(anonymous_0)
FNDA:0,(anonymous_1)
FNDA:0,(anonymous_2)
FNDA:0,(anonymous_3)
DA:1,3
DA:3,3
DA:5,3
DA:7,3
DA:8,0
DA:9,0
DA:10,0
DA:11,0
DA:13,0
DA:19,3
DA:21,0
DA:22,0
DA:23,0
DA:25,0
DA:29,3
DA:30,0
DA:31,0
DA:32,0
DA:33,0
DA:36,3
DA:37,0
DA:38,0
DA:39,0
DA:42,3
LF:24
LH:8
BRDA:22,0,0,0
BRDA:22,0,1,0
BRF:2
BRH:0
end_of_record
TN:
SF:model/newArtist.js
FN:6,postNewArtistPlaylist
FN:21,getNewArtistPlaylists
FN:44,toggleNewArtistLikes
FNF:3
FNH:2
FNDA:1,postNewArtistPlaylist
FNDA:2,getNewArtistPlaylists
FNDA:0,toggleNewArtistLikes
DA:3,3
DA:4,3
DA:7,1
DA:8,1
DA:17,1
DA:18,1
DA:22,2
DA:24,2
DA:25,2
DA:28,2
DA:29,67
DA:30,67
DA:31,0
DA:33,67
DA:37,2
DA:39,0
DA:41,0
DA:45,0
DA:48,3
LF:19
LH:15
BRDA:30,0,0,0
BRDA:30,0,1,67
BRF:2
BRH:1
end_of_record
TN:
SF:model/playlists.js
FN:6,(anonymous_0)
FN:24,(anonymous_1)
FN:37,(anonymous_2)
FN:39,(anonymous_3)
FNF:4
FNH:0
FNDA:0,(anonymous_0)
FNDA:0,(anonymous_1)
FNDA:0,(anonymous_2)
FNDA:0,(anonymous_3)
DA:3,3
DA:4,3
DA:6,3
DA:8,0
DA:9,0
DA:12,0
DA:13,0
DA:14,0
DA:15,0
DA:17,0
DA:21,0
DA:24,3
DA:25,0
DA:26,0
DA:33,0
DA:34,0
DA:37,3
DA:39,3
DA:41,3
LF:19
LH:7
BRDA:14,0,0,0
BRDA:14,0,1,0
BRF:2
BRH:0
end_of_record
TN:
SF:model/spotify.js
FN:9,(anonymous_0)
FN:19,(anonymous_1)
FN:25,(anonymous_2)
FN:33,(anonymous_3)
FN:47,(anonymous_4)
FNF:5
FNH:0
FNDA:0,(anonymous_0)
FNDA:0,(anonymous_1)
FNDA:0,(anonymous_2)
FNDA:0,(anonymous_3)
FNDA:0,(anonymous_4)
DA:2,3
DA:4,3
DA:7,3
DA:9,3
DA:10,0
DA:11,0
DA:12,0
DA:13,0
DA:15,0
DA:19,3
DA:20,0
DA:25,3
DA:27,0
DA:28,0
DA:30,0
DA:33,3
DA:34,0
DA:35,0
DA:39,0
DA:40,0
DA:42,0
DA:44,0
DA:47,3
DA:48,0
DA:49,0
DA:53,0
DA:54,0
DA:56,0
DA:58,0
DA:61,3
LF:30
LH:9
BRDA:27,0,0,0
BRDA:27,0,1,0
BRDA:39,1,0,0
BRDA:39,1,1,0
BRDA:53,2,0,0
BRDA:53,2,1,0
BRF:6
BRH:0
end_of_record
TN:
SF:model/users.js
FN:14,(anonymous_0)
FN:24,(anonymous_1)
FN:30,(anonymous_2)
FN:38,(anonymous_3)
FN:44,(anonymous_4)
FN:70,(anonymous_5)
FN:77,(anonymous_6)
FN:84,(anonymous_7)
FN:90,(anonymous_8)
FN:109,getRankedSongs
FN:129,(anonymous_10)
FN:140,(anonymous_11)
FN:172,(anonymous_12)
FN:184,(anonymous_13)
FN:223,(anonymous_14)
FN:242,(anonymous_15)
FN:262,getRankedArtists
FN:294,(anonymous_17)
FNF:18
FNH:4
FNDA:1,(anonymous_0)
FNDA:0,(anonymous_1)
FNDA:2,(anonymous_2)
FNDA:0,(anonymous_3)
FNDA:0,(anonymous_4)
FNDA:1,(anonymous_5)
FNDA:1,(anonymous_6)
FNDA:0,(anonymous_7)
FNDA:0,(anonymous_8)
FNDA:0,getRankedSongs
FNDA:0,(anonymous_10)
FNDA:0,(anonymous_11)
FNDA:0,(anonymous_12)
FNDA:0,(anonymous_13)
FNDA:0,(anonymous_14)
FNDA:0,(anonymous_15)
FNDA:0,getRankedArtists
FNDA:0,(anonymous_17)
DA:7,3
DA:9,3
DA:12,3
DA:14,3
DA:15,1
DA:16,1
DA:17,1
DA:18,1
DA:20,0
DA:24,3
DA:25,0
DA:30,3
DA:32,2
DA:33,1
DA:35,2
DA:38,3
DA:39,0
DA:40,0
DA:44,3
DA:45,0
DA:46,0
DA:48,0
DA:49,0
DA:52,0
DA:54,0
DA:55,0
DA:56,0
DA:57,0
DA:58,0
DA:60,0
DA:61,0
DA:66,0
DA:70,3
DA:71,1
DA:72,1
DA:73,1
DA:77,3
DA:79,1
DA:80,1
DA:81,1
DA:84,3
DA:85,0
DA:86,0
DA:87,0
DA:90,3
DA:91,0
DA:93,0
DA:94,0
DA:99,0
DA:100,0
DA:103,0
DA:105,0
DA:110,0
DA:111,0
DA:112,0
DA:113,0
DA:129,0
DA:134,0
DA:136,0
DA:140,3
DA:141,0
DA:143,0
DA:145,0
DA:146,0
DA:147,0
DA:150,0
DA:152,0
DA:153,0
DA:154,0
DA:158,0
DA:159,0
DA:160,0
DA:161,0
DA:162,0
DA:163,0
DA:164,0
DA:165,0
DA:167,0
DA:168,0
DA:169,0
DA:172,3
DA:173,0
DA:174,0
DA:175,0
DA:176,0
DA:177,0
DA:179,0
DA:180,0
DA:184,3
DA:185,0
DA:186,0
DA:187,0
DA:189,0
DA:190,0
DA:191,0
DA:194,0
DA:195,0
DA:200,0
DA:201,0
DA:206,0
DA:208,0
DA:209,0
DA:210,0
DA:211,0
DA:212,0
DA:213,0
DA:215,0
DA:216,0
DA:218,0
DA:219,0
DA:223,3
DA:224,0
DA:225,0
DA:226,0
DA:228,0
DA:229,0
DA:230,0
DA:233,0
DA:234,0
DA:235,0
DA:237,0
DA:238,0
DA:242,3
DA:243,0
DA:244,0
DA:245,0
DA:246,0
DA:247,0
DA:248,0
DA:249,0
DA:252,0
DA:253,0
DA:254,0
DA:255,0
DA:257,0
DA:258,0
DA:263,0
DA:264,0
DA:265,0
DA:266,0
DA:294,0
DA:299,0
DA:301,0
DA:305,3
LF:144
LH:31
BRDA:32,0,0,1
BRDA:32,0,1,1
BRDA:39,1,0,0
BRDA:39,1,1,0
BRDA:40,2,0,0
BRDA:40,2,1,0
BRDA:48,3,0,0
BRDA:48,3,1,0
BRDA:56,4,0,0
BRDA:56,4,1,0
BRDA:99,5,0,0
BRDA:99,5,1,0
BRDA:145,6,0,0
BRDA:145,6,1,0
BRDA:152,7,0,0
BRDA:152,7,1,0
BRDA:158,8,0,0
BRDA:158,8,1,0
BRDA:162,9,0,0
BRDA:162,9,1,0
BRDA:189,10,0,0
BRDA:189,10,1,0
BRDA:208,11,0,0
BRDA:208,11,1,0
BRDA:211,12,0,0
BRDA:211,12,1,0
BRDA:228,13,0,0
BRDA:228,13,1,0
BRDA:247,14,0,0
BRDA:247,14,1,0
BRF:30
BRH:2
end_of_record
TN:
SF:utils/dbUtils.js
FN:8,(anonymous_0)
FN:19,(anonymous_1)
FN:27,(anonymous_2)
FNF:3
FNH:3
FNDA:4,(anonymous_0)
FNDA:3,(anonymous_1)
FNDA:4,(anonymous_2)
DA:2,3
DA:4,3
DA:6,3
DA:8,3
DA:9,4
DA:10,4
DA:11,4
DA:12,4
DA:14,0
DA:19,3
DA:21,3
DA:22,0
DA:24,3
DA:27,3
DA:28,4
DA:31,3
LF:16
LH:14
BRDA:21,0,0,0
BRDA:21,0,1,3
BRF:2
BRH:1
end_of_record
TN:
SF:utils/testUtils.js
FN:2,(anonymous_0)
FN:7,(anonymous_1)
FN:48,(anonymous_2)
FN:58,(anonymous_3)
FN:80,(anonymous_4)
FN:83,(anonymous_5)
FN:114,(anonymous_6)
FN:124,(anonymous_7)
FNF:8
FNH:5
FNDA:0,(anonymous_0)
FNDA:2,(anonymous_1)
FNDA:1,(anonymous_2)
FNDA:2,(anonymous_3)
FNDA:0,(anonymous_4)
FNDA:0,(anonymous_5)
FNDA:1,(anonymous_6)
FNDA:2,(anonymous_7)
DA:2,3
DA:3,0
DA:4,0
DA:7,3
DA:8,2
DA:9,2
DA:10,0
DA:11,0
DA:12,0
DA:14,0
DA:17,2
DA:21,3
DA:28,3
DA:48,3
DA:49,1
DA:50,1
DA:58,3
DA:59,2
DA:60,2
DA:61,2
DA:62,2
DA:63,1
DA:65,1
DA:68,0
DA:80,3
DA:81,0
DA:83,0
DA:84,0
DA:85,0
DA:88,0
DA:92,3
DA:114,3
DA:115,1
DA:116,1
DA:124,3
DA:125,2
DA:126,2
DA:127,2
DA:128,2
DA:129,0
DA:131,2
DA:134,0
DA:139,3
LF:43
LH:29
BRDA:11,0,0,0
BRDA:11,0,1,0
BRDA:62,1,0,1
BRDA:62,1,1,1
BRDA:84,2,0,0
BRDA:84,2,1,0
BRDA:128,3,0,0
BRDA:128,3,1,2
BRF:8
BRH:3
end_of_record
TN:
SF:utils/toggleLikeUtil.js
FN:3,(anonymous_0)
FN:23,(anonymous_1)
FN:25,(anonymous_2)
FNF:3
FNH:1
FNDA:0,(anonymous_0)
FNDA:67,(anonymous_1)
FNDA:0,(anonymous_2)
DA:1,3
DA:3,3
DA:4,0
DA:5,0
DA:7,0
DA:8,0
DA:12,0
DA:13,0
DA:14,0
DA:15,0
DA:16,0
DA:17,0
DA:19,0
DA:20,0
DA:23,67
DA:25,3
DA:26,0
DA:27,0
DA:29,0
DA:32,3
LF:20
LH:5
BRDA:7,0,0,0
BRDA:7,0,1,0
BRDA:12,1,0,0
BRDA:12,1,1,0
BRDA:15,2,0,0
BRDA:15,2,1,0
BRDA:23,3,0,67
BRDA:23,3,1,2
BRF:8
BRH:2
end_of_record
