{"/Users/abhijay_agarwal/Desktop/project-spotify-penn/src/api/getCommunities.js": {"path":"/Users/abhijay_agarwal/Desktop/project-spotify-penn/src/api/getCommunities.js","statementMap":{"0":{"start":{"line":4,"column":23},"end":{"line":8,"column":1}},"1":{"start":{"line":5,"column":14},"end":{"line":5,"column":49}},"2":{"start":{"line":6,"column":14},"end":{"line":6,"column":34}},"3":{"start":{"line":7,"column":2},"end":{"line":7,"column":18}},"4":{"start":{"line":10,"column":21},"end":{"line":29,"column":1}},"5":{"start":{"line":11,"column":15},"end":{"line":16,"column":3}},"6":{"start":{"line":17,"column":18},"end":{"line":21,"column":3}},"7":{"start":{"line":22,"column":14},"end":{"line":22,"column":49}},"8":{"start":{"line":23,"column":14},"end":{"line":27,"column":3}},"9":{"start":{"line":28,"column":2},"end":{"line":28,"column":18}}},"fnMap":{"0":{"name":"(anonymous_0)","decl":{"start":{"line":4,"column":23},"end":{"line":4,"column":24}},"loc":{"start":{"line":4,"column":35},"end":{"line":8,"column":1}},"line":4},"1":{"name":"(anonymous_1)","decl":{"start":{"line":10,"column":21},"end":{"line":10,"column":22}},"loc":{"start":{"line":10,"column":50},"end":{"line":29,"column":1}},"line":10}},"branchMap":{},"s":{"0":3,"1":2,"2":2,"3":1,"4":3,"5":7,"6":7,"7":7,"8":7,"9":6},"f":{"0":2,"1":7},"b":{},"_coverageSchema":"1a1c01bbd47fc00a2c39e90264f33305004495a9","hash":"5f6c2f77f4466c9a3005ac8f7ba409841eaa3871"}
,"/Users/abhijay_agarwal/Desktop/project-spotify-penn/src/api/getConversations.js": {"path":"/Users/abhijay_agarwal/Desktop/project-spotify-penn/src/api/getConversations.js","statementMap":{"0":{"start":{"line":3,"column":25},"end":{"line":8,"column":2}},"1":{"start":{"line":3,"column":31},"end":{"line":8,"column":2}},"2":{"start":{"line":4,"column":14},"end":{"line":4,"column":51}},"3":{"start":{"line":5,"column":2},"end":{"line":7,"column":37}},"4":{"start":{"line":6,"column":24},"end":{"line":6,"column":46}},"5":{"start":{"line":7,"column":22},"end":{"line":7,"column":35}}},"fnMap":{"0":{"name":"(anonymous_0)","decl":{"start":{"line":3,"column":25},"end":{"line":3,"column":26}},"loc":{"start":{"line":3,"column":31},"end":{"line":8,"column":2}},"line":3},"1":{"name":"(anonymous_1)","decl":{"start":{"line":3,"column":43},"end":{"line":3,"column":44}},"loc":{"start":{"line":3,"column":64},"end":{"line":8,"column":1}},"line":3},"2":{"name":"(anonymous_2)","decl":{"start":{"line":6,"column":10},"end":{"line":6,"column":11}},"loc":{"start":{"line":6,"column":24},"end":{"line":6,"column":46}},"line":6},"3":{"name":"(anonymous_3)","decl":{"start":{"line":7,"column":11},"end":{"line":7,"column":12}},"loc":{"start":{"line":7,"column":22},"end":{"line":7,"column":35}},"line":7}},"branchMap":{},"s":{"0":1,"1":2,"2":2,"3":2,"4":1,"5":1},"f":{"0":2,"1":2,"2":1,"3":1},"b":{},"_coverageSchema":"1a1c01bbd47fc00a2c39e90264f33305004495a9","hash":"a84aebe69aad378c9d3b6f5408147142ae266123"}
,"/Users/abhijay_agarwal/Desktop/project-spotify-penn/src/api/getFriends.js": {"path":"/Users/abhijay_agarwal/Desktop/project-spotify-penn/src/api/getFriends.js","statementMap":{"0":{"start":{"line":3,"column":19},"end":{"line":8,"column":2}},"1":{"start":{"line":3,"column":25},"end":{"line":8,"column":2}},"2":{"start":{"line":4,"column":14},"end":{"line":4,"column":45}},"3":{"start":{"line":5,"column":2},"end":{"line":7,"column":37}},"4":{"start":{"line":6,"column":24},"end":{"line":6,"column":46}},"5":{"start":{"line":7,"column":22},"end":{"line":7,"column":35}}},"fnMap":{"0":{"name":"(anonymous_0)","decl":{"start":{"line":3,"column":19},"end":{"line":3,"column":20}},"loc":{"start":{"line":3,"column":25},"end":{"line":8,"column":2}},"line":3},"1":{"name":"(anonymous_1)","decl":{"start":{"line":3,"column":37},"end":{"line":3,"column":38}},"loc":{"start":{"line":3,"column":58},"end":{"line":8,"column":1}},"line":3},"2":{"name":"(anonymous_2)","decl":{"start":{"line":6,"column":10},"end":{"line":6,"column":11}},"loc":{"start":{"line":6,"column":24},"end":{"line":6,"column":46}},"line":6},"3":{"name":"(anonymous_3)","decl":{"start":{"line":7,"column":11},"end":{"line":7,"column":12}},"loc":{"start":{"line":7,"column":22},"end":{"line":7,"column":35}},"line":7}},"branchMap":{},"s":{"0":1,"1":2,"2":2,"3":2,"4":1,"5":1},"f":{"0":2,"1":2,"2":1,"3":1},"b":{},"_coverageSchema":"1a1c01bbd47fc00a2c39e90264f33305004495a9","hash":"e86389eda034b8b3688d9a1b99a56efa574e1c2e"}
,"/Users/abhijay_agarwal/Desktop/project-spotify-penn/src/api/getLeaderboardSongs.js": {"path":"/Users/abhijay_agarwal/Desktop/project-spotify-penn/src/api/getLeaderboardSongs.js","statementMap":{"0":{"start":{"line":3,"column":17},"end":{"line":7,"column":1}},"1":{"start":{"line":4,"column":14},"end":{"line":4,"column":52}},"2":{"start":{"line":5,"column":14},"end":{"line":5,"column":34}},"3":{"start":{"line":6,"column":2},"end":{"line":6,"column":18}}},"fnMap":{"0":{"name":"(anonymous_0)","decl":{"start":{"line":3,"column":17},"end":{"line":3,"column":18}},"loc":{"start":{"line":3,"column":33},"end":{"line":7,"column":1}},"line":3}},"branchMap":{},"s":{"0":2,"1":4,"2":4,"3":4},"f":{"0":4},"b":{},"_coverageSchema":"1a1c01bbd47fc00a2c39e90264f33305004495a9","hash":"bcbfc80bc83aded62a7a4019f05df2a02699ca64"}
,"/Users/abhijay_agarwal/Desktop/project-spotify-penn/src/api/getLoginUser.js": {"path":"/Users/abhijay_agarwal/Desktop/project-spotify-penn/src/api/getLoginUser.js","statementMap":{"0":{"start":{"line":3,"column":17},"end":{"line":13,"column":1}},"1":{"start":{"line":4,"column":14},"end":{"line":4,"column":49}},"2":{"start":{"line":5,"column":14},"end":{"line":5,"column":34}},"3":{"start":{"line":6,"column":19},"end":{"line":6,"column":22}},"4":{"start":{"line":8,"column":2},"end":{"line":10,"column":3}},"5":{"start":{"line":9,"column":4},"end":{"line":9,"column":34}},"6":{"start":{"line":12,"column":2},"end":{"line":12,"column":14}}},"fnMap":{"0":{"name":"(anonymous_0)","decl":{"start":{"line":3,"column":17},"end":{"line":3,"column":18}},"loc":{"start":{"line":3,"column":31},"end":{"line":13,"column":1}},"line":3}},"branchMap":{"0":{"loc":{"start":{"line":8,"column":2},"end":{"line":10,"column":3}},"type":"if","locations":[{"start":{"line":8,"column":2},"end":{"line":10,"column":3}},{"start":{},"end":{}}],"line":8}},"s":{"0":2,"1":3,"2":3,"3":2,"4":2,"5":1,"6":1},"f":{"0":3},"b":{"0":[1,1]},"_coverageSchema":"1a1c01bbd47fc00a2c39e90264f33305004495a9","hash":"1375aee655d88094c275e0f8343f326ccfc7f78b"}
,"/Users/abhijay_agarwal/Desktop/project-spotify-penn/src/api/getUserData.js": {"path":"/Users/abhijay_agarwal/Desktop/project-spotify-penn/src/api/getUserData.js","statementMap":{"0":{"start":{"line":4,"column":20},"end":{"line":13,"column":1}},"1":{"start":{"line":5,"column":14},"end":{"line":5,"column":54}},"2":{"start":{"line":6,"column":14},"end":{"line":6,"column":34}},"3":{"start":{"line":7,"column":19},"end":{"line":7,"column":27}},"4":{"start":{"line":8,"column":2},"end":{"line":12,"column":3}},"5":{"start":{"line":9,"column":4},"end":{"line":9,"column":40}},"6":{"start":{"line":11,"column":4},"end":{"line":11,"column":20}},"7":{"start":{"line":15,"column":16},"end":{"line":34,"column":1}},"8":{"start":{"line":16,"column":15},"end":{"line":21,"column":3}},"9":{"start":{"line":22,"column":18},"end":{"line":26,"column":3}},"10":{"start":{"line":27,"column":14},"end":{"line":27,"column":42}},"11":{"start":{"line":28,"column":14},"end":{"line":32,"column":3}},"12":{"start":{"line":33,"column":2},"end":{"line":33,"column":18}},"13":{"start":{"line":36,"column":21},"end":{"line":45,"column":1}},"14":{"start":{"line":37,"column":14},"end":{"line":37,"column":51}},"15":{"start":{"line":38,"column":14},"end":{"line":38,"column":34}},"16":{"start":{"line":39,"column":19},"end":{"line":39,"column":27}},"17":{"start":{"line":40,"column":2},"end":{"line":44,"column":3}},"18":{"start":{"line":41,"column":4},"end":{"line":41,"column":40}},"19":{"start":{"line":43,"column":4},"end":{"line":43,"column":30}}},"fnMap":{"0":{"name":"(anonymous_0)","decl":{"start":{"line":4,"column":20},"end":{"line":4,"column":21}},"loc":{"start":{"line":4,"column":40},"end":{"line":13,"column":1}},"line":4},"1":{"name":"(anonymous_1)","decl":{"start":{"line":15,"column":16},"end":{"line":15,"column":17}},"loc":{"start":{"line":15,"column":56},"end":{"line":34,"column":1}},"line":15},"2":{"name":"(anonymous_2)","decl":{"start":{"line":36,"column":21},"end":{"line":36,"column":22}},"loc":{"start":{"line":36,"column":38},"end":{"line":45,"column":1}},"line":36}},"branchMap":{"0":{"loc":{"start":{"line":8,"column":2},"end":{"line":12,"column":3}},"type":"if","locations":[{"start":{"line":8,"column":2},"end":{"line":12,"column":3}},{"start":{"line":10,"column":9},"end":{"line":12,"column":3}}],"line":8},"1":{"loc":{"start":{"line":40,"column":2},"end":{"line":44,"column":3}},"type":"if","locations":[{"start":{"line":40,"column":2},"end":{"line":44,"column":3}},{"start":{"line":42,"column":9},"end":{"line":44,"column":3}}],"line":40}},"s":{"0":4,"1":6,"2":6,"3":4,"4":4,"5":1,"6":3,"7":4,"8":9,"9":9,"10":9,"11":9,"12":7,"13":4,"14":0,"15":0,"16":0,"17":0,"18":0,"19":0},"f":{"0":6,"1":9,"2":0},"b":{"0":[1,3],"1":[0,0]},"_coverageSchema":"1a1c01bbd47fc00a2c39e90264f33305004495a9","hash":"010f7a4de5ccef6fdcf0739c47a282efc48c7e69"}
,"/Users/abhijay_agarwal/Desktop/project-spotify-penn/src/api/getUsers.js": {"path":"/Users/abhijay_agarwal/Desktop/project-spotify-penn/src/api/getUsers.js","statementMap":{"0":{"start":{"line":4,"column":22},"end":{"line":8,"column":1}},"1":{"start":{"line":5,"column":14},"end":{"line":5,"column":49}},"2":{"start":{"line":6,"column":14},"end":{"line":6,"column":34}},"3":{"start":{"line":7,"column":2},"end":{"line":7,"column":18}},"4":{"start":{"line":10,"column":24},"end":{"line":13,"column":1}},"5":{"start":{"line":11,"column":14},"end":{"line":11,"column":76}},"6":{"start":{"line":12,"column":2},"end":{"line":12,"column":18}}},"fnMap":{"0":{"name":"(anonymous_0)","decl":{"start":{"line":4,"column":22},"end":{"line":4,"column":23}},"loc":{"start":{"line":4,"column":34},"end":{"line":8,"column":1}},"line":4},"1":{"name":"(anonymous_1)","decl":{"start":{"line":10,"column":24},"end":{"line":10,"column":25}},"loc":{"start":{"line":10,"column":42},"end":{"line":13,"column":1}},"line":10}},"branchMap":{},"s":{"0":3,"1":6,"2":6,"3":5,"4":3,"5":2,"6":1},"f":{"0":6,"1":2},"b":{},"_coverageSchema":"1a1c01bbd47fc00a2c39e90264f33305004495a9","hash":"0f425542925cc4b51ae4a6b8df6d096bb02f66c5"}
,"/Users/abhijay_agarwal/Desktop/project-spotify-penn/src/api/messages.js": {"path":"/Users/abhijay_agarwal/Desktop/project-spotify-penn/src/api/messages.js","statementMap":{"0":{"start":{"line":3,"column":20},"end":{"line":8,"column":1}},"1":{"start":{"line":4,"column":14},"end":{"line":4,"column":55}},"2":{"start":{"line":5,"column":14},"end":{"line":5,"column":34}},"3":{"start":{"line":6,"column":23},"end":{"line":6,"column":31}},"4":{"start":{"line":7,"column":2},"end":{"line":7,"column":18}},"5":{"start":{"line":10,"column":23},"end":{"line":27,"column":1}},"6":{"start":{"line":11,"column":15},"end":{"line":14,"column":3}},"7":{"start":{"line":15,"column":18},"end":{"line":19,"column":3}},"8":{"start":{"line":20,"column":14},"end":{"line":20,"column":55}},"9":{"start":{"line":21,"column":14},"end":{"line":25,"column":3}},"10":{"start":{"line":26,"column":2},"end":{"line":26,"column":18}},"11":{"start":{"line":29,"column":24},"end":{"line":47,"column":1}},"12":{"start":{"line":30,"column":15},"end":{"line":33,"column":3}},"13":{"start":{"line":34,"column":18},"end":{"line":38,"column":3}},"14":{"start":{"line":39,"column":14},"end":{"line":39,"column":45}},"15":{"start":{"line":40,"column":14},"end":{"line":45,"column":4}},"16":{"start":{"line":46,"column":2},"end":{"line":46,"column":18}},"17":{"start":{"line":49,"column":19},"end":{"line":59,"column":1}},"18":{"start":{"line":50,"column":14},"end":{"line":50,"column":45}},"19":{"start":{"line":51,"column":16},"end":{"line":51,"column":18}},"20":{"start":{"line":52,"column":2},"end":{"line":57,"column":3}},"21":{"start":{"line":53,"column":16},"end":{"line":53,"column":36}},"22":{"start":{"line":54,"column":4},"end":{"line":54,"column":50}},"23":{"start":{"line":54,"column":39},"end":{"line":54,"column":48}},"24":{"start":{"line":58,"column":2},"end":{"line":58,"column":17}}},"fnMap":{"0":{"name":"(anonymous_0)","decl":{"start":{"line":3,"column":20},"end":{"line":3,"column":21}},"loc":{"start":{"line":3,"column":38},"end":{"line":8,"column":1}},"line":3},"1":{"name":"(anonymous_1)","decl":{"start":{"line":10,"column":23},"end":{"line":10,"column":24}},"loc":{"start":{"line":10,"column":54},"end":{"line":27,"column":1}},"line":10},"2":{"name":"(anonymous_2)","decl":{"start":{"line":29,"column":24},"end":{"line":29,"column":25}},"loc":{"start":{"line":29,"column":42},"end":{"line":47,"column":1}},"line":29},"3":{"name":"(anonymous_3)","decl":{"start":{"line":44,"column":10},"end":{"line":44,"column":11}},"loc":{"start":{"line":44,"column":16},"end":{"line":45,"column":3}},"line":44},"4":{"name":"(anonymous_4)","decl":{"start":{"line":49,"column":19},"end":{"line":49,"column":20}},"loc":{"start":{"line":49,"column":31},"end":{"line":59,"column":1}},"line":49},"5":{"name":"(anonymous_5)","decl":{"start":{"line":54,"column":27},"end":{"line":54,"column":28}},"loc":{"start":{"line":54,"column":39},"end":{"line":54,"column":48}},"line":54}},"branchMap":{},"s":{"0":3,"1":0,"2":0,"3":0,"4":0,"5":3,"6":0,"7":0,"8":0,"9":0,"10":0,"11":3,"12":0,"13":0,"14":0,"15":0,"16":0,"17":3,"18":0,"19":0,"20":0,"21":0,"22":0,"23":0,"24":0},"f":{"0":0,"1":0,"2":0,"3":0,"4":0,"5":0},"b":{},"_coverageSchema":"1a1c01bbd47fc00a2c39e90264f33305004495a9","hash":"ce61aaa89c034e206ae33abffc53bfa2d6b903f6"}
,"/Users/abhijay_agarwal/Desktop/project-spotify-penn/src/api/newArtistPlaylists.js": {"path":"/Users/abhijay_agarwal/Desktop/project-spotify-penn/src/api/newArtistPlaylists.js","statementMap":{"0":{"start":{"line":3,"column":30},"end":{"line":12,"column":1}},"1":{"start":{"line":4,"column":19},"end":{"line":4,"column":78}},"2":{"start":{"line":5,"column":19},"end":{"line":5,"column":27}},"3":{"start":{"line":7,"column":2},"end":{"line":11,"column":3}},"4":{"start":{"line":8,"column":4},"end":{"line":8,"column":34}},"5":{"start":{"line":10,"column":4},"end":{"line":10,"column":16}},"6":{"start":{"line":14,"column":30},"end":{"line":35,"column":1}},"7":{"start":{"line":22,"column":14},"end":{"line":33,"column":3}},"8":{"start":{"line":34,"column":2},"end":{"line":34,"column":18}}},"fnMap":{"0":{"name":"(anonymous_0)","decl":{"start":{"line":3,"column":30},"end":{"line":3,"column":31}},"loc":{"start":{"line":3,"column":42},"end":{"line":12,"column":1}},"line":3},"1":{"name":"(anonymous_1)","decl":{"start":{"line":14,"column":30},"end":{"line":14,"column":31}},"loc":{"start":{"line":21,"column":5},"end":{"line":35,"column":1}},"line":21}},"branchMap":{"0":{"loc":{"start":{"line":7,"column":2},"end":{"line":11,"column":3}},"type":"if","locations":[{"start":{"line":7,"column":2},"end":{"line":11,"column":3}},{"start":{"line":9,"column":9},"end":{"line":11,"column":3}}],"line":7}},"s":{"0":1,"1":2,"2":2,"3":2,"4":1,"5":1,"6":1,"7":1,"8":1},"f":{"0":2,"1":1},"b":{"0":[1,1]},"_coverageSchema":"1a1c01bbd47fc00a2c39e90264f33305004495a9","hash":"cefe846f9a00af163dd4aad33a6190a397bb5be9"}
,"/Users/abhijay_agarwal/Desktop/project-spotify-penn/src/api/updateLikesNewArtist.js": {"path":"/Users/abhijay_agarwal/Desktop/project-spotify-penn/src/api/updateLikesNewArtist.js","statementMap":{"0":{"start":{"line":3,"column":20},"end":{"line":7,"column":1}},"1":{"start":{"line":4,"column":20},"end":{"line":4,"column":31}},"2":{"start":{"line":5,"column":14},"end":{"line":5,"column":108}},"3":{"start":{"line":6,"column":2},"end":{"line":6,"column":18}}},"fnMap":{"0":{"name":"(anonymous_0)","decl":{"start":{"line":3,"column":20},"end":{"line":3,"column":21}},"loc":{"start":{"line":3,"column":36},"end":{"line":7,"column":1}},"line":3}},"branchMap":{},"s":{"0":1,"1":1,"2":1,"3":1},"f":{"0":1},"b":{},"_coverageSchema":"1a1c01bbd47fc00a2c39e90264f33305004495a9","hash":"5639841de05b52ede1ce19eb2ada832559a3bf88"}
,"/Users/abhijay_agarwal/Desktop/project-spotify-penn/src/api/userPlaylists.js": {"path":"/Users/abhijay_agarwal/Desktop/project-spotify-penn/src/api/userPlaylists.js","statementMap":{"0":{"start":{"line":3,"column":21},"end":{"line":12,"column":1}},"1":{"start":{"line":4,"column":19},"end":{"line":4,"column":69}},"2":{"start":{"line":5,"column":19},"end":{"line":5,"column":27}},"3":{"start":{"line":7,"column":2},"end":{"line":11,"column":3}},"4":{"start":{"line":8,"column":4},"end":{"line":8,"column":34}},"5":{"start":{"line":10,"column":4},"end":{"line":10,"column":16}},"6":{"start":{"line":14,"column":24},"end":{"line":28,"column":1}},"7":{"start":{"line":19,"column":14},"end":{"line":26,"column":3}},"8":{"start":{"line":27,"column":2},"end":{"line":27,"column":18}}},"fnMap":{"0":{"name":"(anonymous_0)","decl":{"start":{"line":3,"column":21},"end":{"line":3,"column":22}},"loc":{"start":{"line":3,"column":33},"end":{"line":12,"column":1}},"line":3},"1":{"name":"(anonymous_1)","decl":{"start":{"line":14,"column":24},"end":{"line":14,"column":25}},"loc":{"start":{"line":18,"column":5},"end":{"line":28,"column":1}},"line":18}},"branchMap":{"0":{"loc":{"start":{"line":7,"column":2},"end":{"line":11,"column":3}},"type":"if","locations":[{"start":{"line":7,"column":2},"end":{"line":11,"column":3}},{"start":{"line":9,"column":9},"end":{"line":11,"column":3}}],"line":7}},"s":{"0":3,"1":6,"2":6,"3":6,"4":1,"5":5,"6":3,"7":1,"8":1},"f":{"0":6,"1":1},"b":{"0":[1,5]},"_coverageSchema":"1a1c01bbd47fc00a2c39e90264f33305004495a9","hash":"489a6c2ea27c033578fb0e59b5b61ae069f9bc6e"}
}
