TN:
SF:src/api/getCommunities.js
FN:4,(anonymous_0)
FN:10,(anonymous_1)
FNF:2
FNH:2
FNDA:2,(anonymous_0)
FNDA:7,(anonymous_1)
DA:4,3
DA:5,2
DA:6,2
DA:7,1
DA:10,3
DA:11,7
DA:17,7
DA:22,7
DA:23,7
DA:28,6
LF:10
LH:10
BRF:0
BRH:0
end_of_record
TN:
SF:src/api/getConversations.js
FN:3,(anonymous_0)
FN:3,(anonymous_1)
FN:6,(anonymous_2)
FN:7,(anonymous_3)
FNF:4
FNH:4
FNDA:2,(anonymous_0)
FNDA:2,(anonymous_1)
FNDA:1,(anonymous_2)
FNDA:1,(anonymous_3)
DA:3,2
DA:4,2
DA:5,2
DA:6,1
DA:7,1
LF:5
LH:5
BRF:0
BRH:0
end_of_record
TN:
SF:src/api/getFriends.js
FN:3,(anonymous_0)
FN:3,(anonymous_1)
FN:6,(anonymous_2)
FN:7,(anonymous_3)
FNF:4
FNH:4
FNDA:2,(anonymous_0)
FNDA:2,(anonymous_1)
FNDA:1,(anonymous_2)
FNDA:1,(anonymous_3)
DA:3,2
DA:4,2
DA:5,2
DA:6,1
DA:7,1
LF:5
LH:5
BRF:0
BRH:0
end_of_record
TN:
SF:src/api/getLeaderboardSongs.js
FN:3,(anonymous_0)
FNF:1
FNH:1
FNDA:4,(anonymous_0)
DA:3,2
DA:4,4
DA:5,4
DA:6,4
LF:4
LH:4
BRF:0
BRH:0
end_of_record
TN:
SF:src/api/getLoginUser.js
FN:3,(anonymous_0)
FNF:1
FNH:1
FNDA:3,(anonymous_0)
DA:3,2
DA:4,3
DA:5,3
DA:6,2
DA:8,2
DA:9,1
DA:12,1
LF:7
LH:7
BRDA:8,0,0,1
BRDA:8,0,1,1
BRF:2
BRH:2
end_of_record
TN:
SF:src/api/getUserData.js
FN:4,(anonymous_0)
FN:15,(anonymous_1)
FN:36,(anonymous_2)
FNF:3
FNH:2
FNDA:6,(anonymous_0)
FNDA:9,(anonymous_1)
FNDA:0,(anonymous_2)
DA:4,4
DA:5,6
DA:6,6
DA:7,4
DA:8,4
DA:9,1
DA:11,3
DA:15,4
DA:16,9
DA:22,9
DA:27,9
DA:28,9
DA:33,7
DA:36,4
DA:37,0
DA:38,0
DA:39,0
DA:40,0
DA:41,0
DA:43,0
LF:20
LH:14
BRDA:8,0,0,1
BRDA:8,0,1,3
BRDA:40,1,0,0
BRDA:40,1,1,0
BRF:4
BRH:2
end_of_record
TN:
SF:src/api/getUsers.js
FN:4,(anonymous_0)
FN:10,(anonymous_1)
FNF:2
FNH:2
FNDA:6,(anonymous_0)
FNDA:2,(anonymous_1)
DA:4,3
DA:5,6
DA:6,6
DA:7,5
DA:10,3
DA:11,2
DA:12,1
LF:7
LH:7
BRF:0
BRH:0
end_of_record
TN:
SF:src/api/messages.js
FN:3,(anonymous_0)
FN:10,(anonymous_1)
FN:29,(anonymous_2)
FN:44,(anonymous_3)
FN:49,(anonymous_4)
FN:54,(anonymous_5)
FNF:6
FNH:0
FNDA:0,(anonymous_0)
FNDA:0,(anonymous_1)
FNDA:0,(anonymous_2)
FNDA:0,(anonymous_3)
FNDA:0,(anonymous_4)
FNDA:0,(anonymous_5)
DA:3,3
DA:4,0
DA:5,0
DA:6,0
DA:7,0
DA:10,3
DA:11,0
DA:15,0
DA:20,0
DA:21,0
DA:26,0
DA:29,3
DA:30,0
DA:34,0
DA:39,0
DA:40,0
DA:46,0
DA:49,3
DA:50,0
DA:51,0
DA:52,0
DA:53,0
DA:54,0
DA:58,0
LF:24
LH:4
BRF:0
BRH:0
end_of_record
TN:
SF:src/api/newArtistPlaylists.js
FN:3,(anonymous_0)
FN:14,(anonymous_1)
FNF:2
FNH:2
FNDA:2,(anonymous_0)
FNDA:1,(anonymous_1)
DA:3,1
DA:4,2
DA:5,2
DA:7,2
DA:8,1
DA:10,1
DA:14,1
DA:22,1
DA:34,1
LF:9
LH:9
BRDA:7,0,0,1
BRDA:7,0,1,1
BRF:2
BRH:2
end_of_record
TN:
SF:src/api/updateLikesNewArtist.js
FN:3,(anonymous_0)
FNF:1
FNH:1
FNDA:1,(anonymous_0)
DA:3,1
DA:4,1
DA:5,1
DA:6,1
LF:4
LH:4
BRF:0
BRH:0
end_of_record
TN:
SF:src/api/userPlaylists.js
FN:3,(anonymous_0)
FN:14,(anonymous_1)
FNF:2
FNH:2
FNDA:6,(anonymous_0)
FNDA:1,(anonymous_1)
DA:3,3
DA:4,6
DA:5,6
DA:7,6
DA:8,1
DA:10,5
DA:14,3
DA:19,1
DA:27,1
LF:9
LH:9
BRDA:7,0,0,1
BRDA:7,0,1,5
BRF:2
BRH:2
end_of_record
