<?xml version="1.0" encoding="UTF-8"?>
<coverage generated="1679541817420" clover="3.2.0">
  <project timestamp="1679541817420" name="All files">
    <metrics statements="4" coveredstatements="4" conditionals="0" coveredconditionals="0" methods="1" coveredmethods="1" elements="5" coveredelements="5" complexity="0" loc="4" ncloc="4" packages="1" files="1" classes="1"/>
    <file name="getLoginUser.jsx" path="/Users/maggieschwierking/Desktop/project-spotify-penn/src/api/getLoginUser.jsx">
      <metrics statements="4" coveredstatements="4" conditionals="0" coveredconditionals="0" methods="1" coveredmethods="1"/>
      <line num="3" count="2" type="stmt"/>
      <line num="4" count="4" type="stmt"/>
      <line num="5" count="4" type="stmt"/>
      <line num="6" count="4" type="stmt"/>
    </file>
  </project>
</coverage>
