{"/Users/maggieschwierking/Desktop/project-spotify-penn/src/api/getLoginUser.jsx": {"path":"/Users/maggieschwierking/Desktop/project-spotify-penn/src/api/getLoginUser.jsx","statementMap":{"0":{"start":{"line":3,"column":17},"end":{"line":7,"column":1}},"1":{"start":{"line":4,"column":14},"end":{"line":4,"column":49}},"2":{"start":{"line":5,"column":14},"end":{"line":5,"column":34}},"3":{"start":{"line":6,"column":2},"end":{"line":6,"column":18}}},"fnMap":{"0":{"name":"(anonymous_0)","decl":{"start":{"line":3,"column":17},"end":{"line":3,"column":18}},"loc":{"start":{"line":3,"column":31},"end":{"line":7,"column":1}},"line":3}},"branchMap":{},"s":{"0":2,"1":4,"2":4,"3":4},"f":{"0":4},"b":{},"_coverageSchema":"1a1c01bbd47fc00a2c39e90264f33305004495a9","hash":"0d19bb3ad69e65997b78252b2f9f54ab47334ab7"}
}
