{"/Users/abhijay_agarwal/Desktop/project-spotify-penn/src/api/getLoginUser.jsx": {"path":"/Users/abhijay_agarwal/Desktop/project-spotify-penn/src/api/getLoginUser.jsx","statementMap":{"0":{"start":{"line":3,"column":17},"end":{"line":7,"column":1}},"1":{"start":{"line":4,"column":14},"end":{"line":4,"column":49}},"2":{"start":{"line":5,"column":14},"end":{"line":5,"column":34}},"3":{"start":{"line":6,"column":2},"end":{"line":6,"column":18}}},"fnMap":{"0":{"name":"(anonymous_0)","decl":{"start":{"line":3,"column":17},"end":{"line":3,"column":18}},"loc":{"start":{"line":3,"column":31},"end":{"line":7,"column":1}},"line":3}},"branchMap":{},"s":{"0":2,"1":4,"2":4,"3":4},"f":{"0":4},"b":{},"_coverageSchema":"1a1c01bbd47fc00a2c39e90264f33305004495a9","hash":"9dec3b4be988bb20ceb27d418f9cf9a052c91215"}
,"/Users/abhijay_agarwal/Desktop/project-spotify-penn/src/api/getUserPlaylists.jsx": {"path":"/Users/abhijay_agarwal/Desktop/project-spotify-penn/src/api/getUserPlaylists.jsx","statementMap":{"0":{"start":{"line":3,"column":21},"end":{"line":7,"column":1}},"1":{"start":{"line":4,"column":14},"end":{"line":4,"column":48}},"2":{"start":{"line":5,"column":14},"end":{"line":5,"column":34}},"3":{"start":{"line":6,"column":2},"end":{"line":6,"column":18}}},"fnMap":{"0":{"name":"(anonymous_0)","decl":{"start":{"line":3,"column":21},"end":{"line":3,"column":22}},"loc":{"start":{"line":3,"column":33},"end":{"line":7,"column":1}},"line":3}},"branchMap":{},"s":{"0":2,"1":4,"2":4,"3":4},"f":{"0":4},"b":{},"_coverageSchema":"1a1c01bbd47fc00a2c39e90264f33305004495a9","hash":"fec12dbb14771b0f7a275c38864cd0193237b194"}
,"/Users/abhijay_agarwal/Desktop/project-spotify-penn/src/components/UserList.jsx": {"path":"/Users/abhijay_agarwal/Desktop/project-spotify-penn/src/components/UserList.jsx","statementMap":{"0":{"start":{"line":8,"column":2},"end":{"line":15,"column":4}}},"fnMap":{"0":{"name":"UserList","decl":{"start":{"line":7,"column":9},"end":{"line":7,"column":17}},"loc":{"start":{"line":7,"column":20},"end":{"line":16,"column":1}},"line":7}},"branchMap":{},"s":{"0":7},"f":{"0":7},"b":{},"_coverageSchema":"1a1c01bbd47fc00a2c39e90264f33305004495a9","hash":"99c991dcb44b1e880e0746b9bf783bfb77754153"}
,"/Users/abhijay_agarwal/Desktop/project-spotify-penn/src/components/new-friends-table.jsx": {"path":"/Users/abhijay_agarwal/Desktop/project-spotify-penn/src/components/new-friends-table.jsx","statementMap":{"0":{"start":{"line":8,"column":26},"end":{"line":8,"column":40}},"1":{"start":{"line":10,"column":2},"end":{"line":45,"column":9}},"2":{"start":{"line":11,"column":4},"end":{"line":44,"column":9}},"3":{"start":{"line":12,"column":21},"end":{"line":12,"column":31}},"4":{"start":{"line":14,"column":8},"end":{"line":16,"column":9}},"5":{"start":{"line":15,"column":10},"end":{"line":15,"column":40}},"6":{"start":{"line":17,"column":8},"end":{"line":32,"column":10}},"7":{"start":{"line":19,"column":12},"end":{"line":30,"column":17}},"8":{"start":{"line":34,"column":19},"end":{"line":44,"column":7}},"9":{"start":{"line":47,"column":2},"end":{"line":55,"column":4}}},"fnMap":{"0":{"name":"FriendsTable","decl":{"start":{"line":7,"column":16},"end":{"line":7,"column":28}},"loc":{"start":{"line":7,"column":31},"end":{"line":56,"column":1}},"line":7},"1":{"name":"(anonymous_1)","decl":{"start":{"line":10,"column":12},"end":{"line":10,"column":13}},"loc":{"start":{"line":10,"column":18},"end":{"line":45,"column":3}},"line":10},"2":{"name":"(anonymous_2)","decl":{"start":{"line":12,"column":12},"end":{"line":12,"column":13}},"loc":{"start":{"line":12,"column":21},"end":{"line":12,"column":31}},"line":12},"3":{"name":"(anonymous_3)","decl":{"start":{"line":13,"column":12},"end":{"line":13,"column":13}},"loc":{"start":{"line":13,"column":22},"end":{"line":33,"column":7}},"line":13},"4":{"name":"(anonymous_4)","decl":{"start":{"line":18,"column":19},"end":{"line":18,"column":20}},"loc":{"start":{"line":19,"column":12},"end":{"line":30,"column":17}},"line":19},"5":{"name":"(anonymous_5)","decl":{"start":{"line":34,"column":13},"end":{"line":34,"column":14}},"loc":{"start":{"line":34,"column":19},"end":{"line":44,"column":7}},"line":34}},"branchMap":{"0":{"loc":{"start":{"line":14,"column":8},"end":{"line":16,"column":9}},"type":"if","locations":[{"start":{"line":14,"column":8},"end":{"line":16,"column":9}},{"start":{},"end":{}}],"line":14}},"s":{"0":7,"1":5,"2":5,"3":0,"4":0,"5":0,"6":0,"7":0,"8":0,"9":5},"f":{"0":7,"1":5,"2":0,"3":0,"4":0,"5":0},"b":{"0":[0,0]},"_coverageSchema":"1a1c01bbd47fc00a2c39e90264f33305004495a9","hash":"73da21f40244a45488feaca0d91188c915e4ad53"}
}
